#
# There is insufficient memory for the Java Runtime Environment to continue.
# Native memory allocation (malloc) failed to allocate 1161680 bytes for Chunk::new
# Possible reasons:
#   The system is out of physical RAM or swap space
#   In 32 bit mode, the process size limit was hit
# Possible solutions:
#   Reduce memory load on the system
#   Increase physical memory or swap space
#   Check if swap backing store is full
#   Use 64 bit Java on a 64 bit OS
#   Decrease Java heap size (-Xmx/-Xms)
#   Decrease number of Java threads
#   Decrease Java thread stack sizes (-Xss)
#   Set larger code cache with -XX:ReservedCodeCacheSize=
# This output file may be truncated or incomplete.
#
#  Out of Memory Error (allocation.cpp:390), pid=7884, tid=7312
#
# JRE version: Java(TM) SE Runtime Environment (8.0_91-b14) (build 1.8.0_91-b14)
# Java VM: Java HotSpot(TM) 64-Bit Server VM (25.91-b14 mixed mode windows-amd64 compressed oops)
# Failed to write core dump. Minidumps are not enabled by default on client versions of Windows
#

---------------  T H R E A D  ---------------

Current thread (0x0000000019a8e800):  JavaThread "C2 CompilerThread0" daemon [_thread_in_native, id=7312, stack(0x000000001a260000,0x000000001a360000)]

Stack: [0x000000001a260000,0x000000001a360000]
[error occurred during error reporting (printing stack bounds), id 0xc0000005]

Native frames: (J=compiled Java code, j=interpreted, Vv=VM code, C=native code)


Current CompileTask:
C2:  12472 13148       4       org.jetbrains.org.objectweb.asm.ClassReader::readMethod (1061 bytes)


---------------  P R O C E S S  ---------------

Java Threads: ( => current thread )
  0x0000000019b2b800 JavaThread "Service Thread" daemon [_thread_blocked, id=9308, stack(0x000000001a660000,0x000000001a760000)]
  0x0000000017b8e000 JavaThread "C1 CompilerThread3" daemon [_thread_blocked, id=9752, stack(0x000000001a560000,0x000000001a660000)]
  0x0000000019a95800 JavaThread "C2 CompilerThread2" daemon [_thread_in_native, id=11924, stack(0x000000001a460000,0x000000001a560000)]
  0x0000000019a92000 JavaThread "C2 CompilerThread1" daemon [_thread_in_native, id=12140, stack(0x000000001a360000,0x000000001a460000)]
=>0x0000000019a8e800 JavaThread "C2 CompilerThread0" daemon [_thread_in_native, id=7312, stack(0x000000001a260000,0x000000001a360000)]
  0x0000000019a8c800 JavaThread "Attach Listener" daemon [_thread_blocked, id=8052, stack(0x000000001a160000,0x000000001a260000)]
  0x0000000019a8b000 JavaThread "Signal Dispatcher" daemon [_thread_blocked, id=11884, stack(0x000000001a060000,0x000000001a160000)]
  0x0000000019a80800 JavaThread "Finalizer" daemon [_thread_blocked, id=10104, stack(0x0000000019e60000,0x0000000019f60000)]
  0x0000000002bc7800 JavaThread "Reference Handler" daemon [_thread_blocked, id=4372, stack(0x0000000019960000,0x0000000019a60000)]
  0x000000000115e000 JavaThread "main" [_thread_in_Java, id=1448, stack(0x0000000002970000,0x0000000002a70000)]

Other Threads:
  0x0000000017b78000 VMThread [stack: 0x0000000019860000,0x0000000019960000] [id=6504]
  0x0000000019b4e000 WatcherThread [stack: 0x000000001a760000,0x000000001a860000] [id=11300]

VM state:not at safepoint (normal execution)

VM Mutex/Monitor currently owned by a thread: None

Heap:
 PSYoungGen      total 180736K, used 26173K [0x00000000d5d00000, 0x00000000e4780000, 0x0000000100000000)
  eden space 144896K, 4% used [0x00000000d5d00000,0x00000000d62b3930,0x00000000dea80000)
  from space 35840K, 56% used [0x00000000e1600000,0x00000000e29dbd40,0x00000000e3900000)
  to   space 44544K, 0% used [0x00000000dea80000,0x00000000dea80000,0x00000000e1600000)
 ParOldGen       total 140800K, used 72051K [0x0000000081600000, 0x0000000089f80000, 0x00000000d5d00000)
  object space 140800K, 51% used [0x0000000081600000,0x0000000085c5ce20,0x0000000089f80000)
 Metaspace       used 68043K, capacity 69532K, committed 69760K, reserved 1110016K
  class space    used 7937K, capacity 8292K, committed 8320K, reserved 1048576K

Card table byte_map: [0x0000000011f90000,0x0000000012390000] byte_map_base: 0x0000000011b85000

Marking Bits: (ParMarkBitMap*) 0x000000006eb82f70
 Begin Bits: [0x0000000012e40000, 0x0000000014de8000)
 End Bits:   [0x0000000014de8000, 0x0000000016d90000)

Polling page: 0x0000000000f20000

CodeCache: size=245760Kb used=51720Kb max_used=51720Kb free=194040Kb
 bounds [0x0000000002bd0000, 0x0000000005e80000, 0x0000000011bd0000]
 total_blobs=12083 nmethods=11517 adapters=474
 compilation: enabled

Compilation events (10 events):
Event: 12.467 Thread 0x0000000017b8e000 13487       3       org.jetbrains.kotlin.codegen.state.TypeMappingUtil::extractTypeMappingModeFromAnnotation (101 bytes)
Event: 12.468 Thread 0x0000000017b8e000 nmethod 13487 0x0000000005e76d10 code [0x0000000005e76fe0, 0x0000000005e782e8]
Event: 12.468 Thread 0x0000000017b8e000 13490       3       org.jetbrains.kotlin.codegen.context.CodegenContext::isShadowedByParentContext (16 bytes)
Event: 12.468 Thread 0x0000000017b8e000 nmethod 13490 0x0000000005e78e50 code [0x0000000005e78fc0, 0x0000000005e792c8]
Event: 12.468 Thread 0x0000000017b8e000 13489       3       gnu.trove.TObjectIntHashMap::setUp (24 bytes)
Event: 12.469 Thread 0x0000000017b8e000 nmethod 13489 0x0000000005e79390 code [0x0000000005e79540, 0x0000000005e79bb8]
Event: 12.469 Thread 0x0000000017b8e000 13488       3       org.jetbrains.org.objectweb.asm.tree.AnnotationNode::<init> (25 bytes)
Event: 12.469 Thread 0x0000000017b8e000 nmethod 13488 0x0000000005e79f10 code [0x0000000005e7a0a0, 0x0000000005e7a4d8]
Event: 12.469 Thread 0x0000000017b8e000 13493       3       org.jetbrains.kotlin.codegen.context.CodegenContext::getThisDescriptor (47 bytes)
Event: 12.470 Thread 0x0000000017b8e000 nmethod 13493 0x0000000005e7a690 code [0x0000000005e7a8a0, 0x0000000005e7b398]

GC Heap History (10 events):
Event: 5.364 GC heap before
{Heap before GC invocations=9 (full 2):
 PSYoungGen      total 138240K, used 138220K [0x00000000d5d00000, 0x00000000e2f00000, 0x0000000100000000)
  eden space 116736K, 100% used [0x00000000d5d00000,0x00000000dcf00000,0x00000000dcf00000)
  from space 21504K, 99% used [0x00000000de980000,0x00000000dfe7b060,0x00000000dfe80000)
  to   space 27136K, 0% used [0x00000000dcf00000,0x00000000dcf00000,0x00000000de980000)
 ParOldGen       total 140800K, used 37775K [0x0000000081600000, 0x0000000089f80000, 0x00000000d5d00000)
  object space 140800K, 26% used [0x0000000081600000,0x0000000083ae3ec8,0x0000000089f80000)
 Metaspace       used 53343K, capacity 54454K, committed 54656K, reserved 1097728K
  class space    used 6633K, capacity 6927K, committed 7040K, reserved 1048576K
Event: 5.401 GC heap after
Heap after GC invocations=9 (full 2):
 PSYoungGen      total 143872K, used 27121K [0x00000000d5d00000, 0x00000000e3900000, 0x0000000100000000)
  eden space 116736K, 0% used [0x00000000d5d00000,0x00000000d5d00000,0x00000000dcf00000)
  from space 27136K, 99% used [0x00000000dcf00000,0x00000000de97c600,0x00000000de980000)
  to   space 35840K, 0% used [0x00000000e1600000,0x00000000e1600000,0x00000000e3900000)
 ParOldGen       total 140800K, used 46855K [0x0000000081600000, 0x0000000089f80000, 0x00000000d5d00000)
  object space 140800K, 33% used [0x0000000081600000,0x00000000843c1fb0,0x0000000089f80000)
 Metaspace       used 53343K, capacity 54454K, committed 54656K, reserved 1097728K
  class space    used 6633K, capacity 6927K, committed 7040K, reserved 1048576K
}
Event: 8.468 GC heap before
{Heap before GC invocations=10 (full 2):
 PSYoungGen      total 143872K, used 143857K [0x00000000d5d00000, 0x00000000e3900000, 0x0000000100000000)
  eden space 116736K, 100% used [0x00000000d5d00000,0x00000000dcf00000,0x00000000dcf00000)
  from space 27136K, 99% used [0x00000000dcf00000,0x00000000de97c600,0x00000000de980000)
  to   space 35840K, 0% used [0x00000000e1600000,0x00000000e1600000,0x00000000e3900000)
 ParOldGen       total 140800K, used 46855K [0x0000000081600000, 0x0000000089f80000, 0x00000000d5d00000)
  object space 140800K, 33% used [0x0000000081600000,0x00000000843c1fb0,0x0000000089f80000)
 Metaspace       used 57305K, capacity 58432K, committed 58624K, reserved 1101824K
  class space    used 6857K, capacity 7154K, committed 7168K, reserved 1048576K
Event: 8.507 GC heap after
Heap after GC invocations=10 (full 2):
 PSYoungGen      total 180736K, used 35818K [0x00000000d5d00000, 0x00000000e4780000, 0x0000000100000000)
  eden space 144896K, 0% used [0x00000000d5d00000,0x00000000d5d00000,0x00000000dea80000)
  from space 35840K, 99% used [0x00000000e1600000,0x00000000e38fab90,0x00000000e3900000)
  to   space 44544K, 0% used [0x00000000dea80000,0x00000000dea80000,0x00000000e1600000)
 ParOldGen       total 140800K, used 54403K [0x0000000081600000, 0x0000000089f80000, 0x00000000d5d00000)
  object space 140800K, 38% used [0x0000000081600000,0x0000000084b20e30,0x0000000089f80000)
 Metaspace       used 57305K, capacity 58432K, committed 58624K, reserved 1101824K
  class space    used 6857K, capacity 7154K, committed 7168K, reserved 1048576K
}
Event: 8.899 GC heap before
{Heap before GC invocations=11 (full 2):
 PSYoungGen      total 180736K, used 55911K [0x00000000d5d00000, 0x00000000e4780000, 0x0000000100000000)
  eden space 144896K, 13% used [0x00000000d5d00000,0x00000000d709f440,0x00000000dea80000)
  from space 35840K, 99% used [0x00000000e1600000,0x00000000e38fab90,0x00000000e3900000)
  to   space 44544K, 0% used [0x00000000dea80000,0x00000000dea80000,0x00000000e1600000)
 ParOldGen       total 140800K, used 54403K [0x0000000081600000, 0x0000000089f80000, 0x00000000d5d00000)
  object space 140800K, 38% used [0x0000000081600000,0x0000000084b20e30,0x0000000089f80000)
 Metaspace       used 57779K, capacity 58980K, committed 59096K, reserved 1101824K
  class space    used 6909K, capacity 7198K, committed 7296K, reserved 1048576K
Event: 8.938 GC heap after
Heap after GC invocations=11 (full 2):
 PSYoungGen      total 189440K, used 26206K [0x00000000d5d00000, 0x00000000e4780000, 0x0000000100000000)
  eden space 144896K, 0% used [0x00000000d5d00000,0x00000000d5d00000,0x00000000dea80000)
  from space 44544K, 58% used [0x00000000dea80000,0x00000000e0417aa8,0x00000000e1600000)
  to   space 35840K, 0% used [0x00000000e1600000,0x00000000e1600000,0x00000000e3900000)
 ParOldGen       total 140800K, used 66215K [0x0000000081600000, 0x0000000089f80000, 0x00000000d5d00000)
  object space 140800K, 47% used [0x0000000081600000,0x00000000856a9f80,0x0000000089f80000)
 Metaspace       used 57779K, capacity 58980K, committed 59096K, reserved 1101824K
  class space    used 6909K, capacity 7198K, committed 7296K, reserved 1048576K
}
Event: 8.938 GC heap before
{Heap before GC invocations=12 (full 3):
 PSYoungGen      total 189440K, used 26206K [0x00000000d5d00000, 0x00000000e4780000, 0x0000000100000000)
  eden space 144896K, 0% used [0x00000000d5d00000,0x00000000d5d00000,0x00000000dea80000)
  from space 44544K, 58% used [0x00000000dea80000,0x00000000e0417aa8,0x00000000e1600000)
  to   space 35840K, 0% used [0x00000000e1600000,0x00000000e1600000,0x00000000e3900000)
 ParOldGen       total 140800K, used 66215K [0x0000000081600000, 0x0000000089f80000, 0x00000000d5d00000)
  object space 140800K, 47% used [0x0000000081600000,0x00000000856a9f80,0x0000000089f80000)
 Metaspace       used 57779K, capacity 58980K, committed 59096K, reserved 1101824K
  class space    used 6909K, capacity 7198K, committed 7296K, reserved 1048576K
Event: 9.217 GC heap after
Heap after GC invocations=12 (full 3):
 PSYoungGen      total 189440K, used 0K [0x00000000d5d00000, 0x00000000e4780000, 0x0000000100000000)
  eden space 144896K, 0% used [0x00000000d5d00000,0x00000000d5d00000,0x00000000dea80000)
  from space 44544K, 0% used [0x00000000dea80000,0x00000000dea80000,0x00000000e1600000)
  to   space 35840K, 0% used [0x00000000e1600000,0x00000000e1600000,0x00000000e3900000)
 ParOldGen       total 140800K, used 72043K [0x0000000081600000, 0x0000000089f80000, 0x00000000d5d00000)
  object space 140800K, 51% used [0x0000000081600000,0x0000000085c5ae20,0x0000000089f80000)
 Metaspace       used 57779K, capacity 58980K, committed 59096K, reserved 1101824K
  class space    used 6909K, capacity 7198K, committed 7296K, reserved 1048576K
}
Event: 12.345 GC heap before
{Heap before GC invocations=13 (full 3):
 PSYoungGen      total 189440K, used 144896K [0x00000000d5d00000, 0x00000000e4780000, 0x0000000100000000)
  eden space 144896K, 100% used [0x00000000d5d00000,0x00000000dea80000,0x00000000dea80000)
  from space 44544K, 0% used [0x00000000dea80000,0x00000000dea80000,0x00000000e1600000)
  to   space 35840K, 0% used [0x00000000e1600000,0x00000000e1600000,0x00000000e3900000)
 ParOldGen       total 140800K, used 72043K [0x0000000081600000, 0x0000000089f80000, 0x00000000d5d00000)
  object space 140800K, 51% used [0x0000000081600000,0x0000000085c5ae20,0x0000000089f80000)
 Metaspace       used 67775K, capacity 69212K, committed 69504K, reserved 1110016K
  class space    used 7916K, capacity 8278K, committed 8320K, reserved 1048576K
Event: 12.363 GC heap after
Heap after GC invocations=13 (full 3):
 PSYoungGen      total 180736K, used 20335K [0x00000000d5d00000, 0x00000000e4780000, 0x0000000100000000)
  eden space 144896K, 0% used [0x00000000d5d00000,0x00000000d5d00000,0x00000000dea80000)
  from space 35840K, 56% used [0x00000000e1600000,0x00000000e29dbd40,0x00000000e3900000)
  to   space 44544K, 0% used [0x00000000dea80000,0x00000000dea80000,0x00000000e1600000)
 ParOldGen       total 140800K, used 72051K [0x0000000081600000, 0x0000000089f80000, 0x00000000d5d00000)
  object space 140800K, 51% used [0x0000000081600000,0x0000000085c5ce20,0x0000000089f80000)
 Metaspace       used 67775K, capacity 69212K, committed 69504K, reserved 1110016K
  class space    used 7916K, capacity 8278K, committed 8320K, reserved 1048576K
}

Deoptimization events (10 events):
Event: 12.206 Thread 0x000000000115e000 Uncommon trap: reason=class_check action=maybe_recompile pc=0x0000000005ab71f8 method=kotlin.sequences.DropWhileSequence$iterator$1.drop()V @ 4
Event: 12.206 Thread 0x000000000115e000 Uncommon trap: reason=class_check action=maybe_recompile pc=0x0000000005ab71f8 method=kotlin.sequences.DropWhileSequence$iterator$1.drop()V @ 4
Event: 12.238 Thread 0x000000000115e000 Uncommon trap: reason=bimorphic action=maybe_recompile pc=0x0000000005022d24 method=org.jetbrains.kotlin.storage.LockBasedStorageManager$LockBasedLazyValue.invoke()Ljava/lang/Object; @ 24
Event: 12.238 Thread 0x000000000115e000 Uncommon trap: reason=speculate_class_check action=maybe_recompile pc=0x0000000002d4dc74 method=java.util.ArrayList.<init>(Ljava/util/Collection;)V @ 36
Event: 12.251 Thread 0x000000000115e000 Uncommon trap: reason=speculate_class_check action=maybe_recompile pc=0x0000000002d4dc74 method=java.util.ArrayList.<init>(Ljava/util/Collection;)V @ 36
Event: 12.251 Thread 0x000000000115e000 Uncommon trap: reason=bimorphic action=maybe_recompile pc=0x00000000040ab3a4 method=org.jetbrains.kotlin.storage.LockBasedStorageManager$LockBasedLazyValue.invoke()Ljava/lang/Object; @ 181
Event: 12.267 Thread 0x000000000115e000 Uncommon trap: reason=unstable_if action=reinterpret pc=0x0000000004bd5960 method=gnu.trove.TObjectHash.index(Ljava/lang/Object;)I @ 54
Event: 12.267 Thread 0x000000000115e000 Uncommon trap: reason=unstable_if action=reinterpret pc=0x000000000333f5f8 method=gnu.trove.TObjectHash.index(Ljava/lang/Object;)I @ 54
Event: 12.296 Thread 0x000000000115e000 Uncommon trap: reason=unstable_if action=reinterpret pc=0x0000000005495444 method=java.util.HashMap$HashIterator.<init>(Ljava/util/HashMap;)V @ 45
Event: 12.417 Thread 0x000000000115e000 Uncommon trap: reason=unstable_if action=reinterpret pc=0x0000000003064bf0 method=java.util.HashMap.hash(Ljava/lang/Object;)I @ 1

Internal exceptions (10 events):
Event: 10.848 Thread 0x000000000115e000 Implicit null exception at 0x0000000002e06395 to 0x0000000002e06581
Event: 10.848 Thread 0x000000000115e000 Implicit null exception at 0x0000000002e33e6f to 0x0000000002e33ed9
Event: 11.039 Thread 0x000000000115e000 Implicit null exception at 0x00000000038c65de to 0x00000000038c686d
Event: 11.039 Thread 0x000000000115e000 Implicit null exception at 0x0000000003d0f013 to 0x0000000003d0f1b9
Event: 11.576 Thread 0x000000000115e000 Implicit null exception at 0x000000000343ebd7 to 0x000000000343ed94
Event: 11.890 Thread 0x000000000115e000 Exception <a 'java/lang/NoSuchMethodError': java.lang.Object.lambda$static$0(Lorg/jetbrains/kotlin/descriptors/ValueParameterDescriptor;Lorg/jetbrains/kotlin/codegen/ExpressionCodegen;)Lorg/jetbrains/kotlin/codegen/StackValue;> (0x00000000dd4ba6e0) thrown чаиMџ'@
Event: 11.999 Thread 0x000000000115e000 Exception <a 'java/lang/NoSuchMethodError': java.lang.Object.lambda$static$0(Ljava/lang/String;)Z> (0x00000000dda9d8e0) thrown at [C:\re\workspace\8-2-build-windows-amd64-cygwin\jdk8u91\6644\hotspot\src\share\vm\interpreter\linkResolver.cpp, line 582]
Event: 11.999 Thread 0x000000000115e000 Exception <a 'java/lang/NoSuchMethodError': java.lang.Object.lambda$static$1(Ljava/lang/String;)Z> (0x00000000dda9fde8) thrown at [C:\re\workspace\8-2-build-windows-amd64-cygwin\jdk8u91\6644\hotspot\src\share\vm\interpreter\linkResolver.cpp, line 582]
Event: 12.167 Thread 0x000000000115e000 Implicit null exception at 0x00000000035143b1 to 0x0000000003514651
Event: 12.417 Thread 0x000000000115e000 Implicit null exception at 0x00000000030649d5 to 0x0000000003064be1

Events (10 events):
Event: 12.466 loading class org/jetbrains/kotlin/codegen/JvmStaticInCompanionObjectGenerator
Event: 12.466 loading class org/jetbrains/kotlin/codegen/JvmStaticInCompanionObjectGenerator done
Event: 12.467 loading class org/jetbrains/kotlin/codegen/JvmStaticInCompanionObjectGenerator$Companion
Event: 12.467 loading class org/jetbrains/kotlin/codegen/JvmStaticInCompanionObjectGenerator$Companion done
Event: 12.468 loading class org/jetbrains/kotlin/types/expressions/DoubleColonLHS
Event: 12.468 loading class org/jetbrains/kotlin/types/expressions/DoubleColonLHS done
Event: 12.468 loading class org/jetbrains/kotlin/codegen/ExpressionCodegen
Event: 12.468 loading class org/jetbrains/kotlin/codegen/ExpressionCodegen done
Event: 12.469 loading class org/jetbrains/kotlin/load/java/SpecialBuiltinMembers$getOverriddenBuiltinReflectingJvmDescriptor$2
Event: 12.469 loading class org/jetbrains/kotlin/load/java/SpecialBuiltinMembers$getOverriddenBuiltinReflectingJvmDescriptor$2 done


Dynamic libraries:
0x00007ff649790000 - 0x00007ff6497c7000 	C:\Program Files\Java\jdk1.8.0_91\jre\bin\java.exe
0x00007ff8efb10000 - 0x00007ff8efcfd000 	C:\Windows\SYSTEM32\ntdll.dll
0x00007ff8ef600000 - 0x00007ff8ef6b3000 	C:\Windows\System32\KERNEL32.DLL
0x00007ff8ec090000 - 0x00007ff8ec325000 	C:\Windows\System32\KERNELBASE.dll
0x00007ff8efa30000 - 0x00007ff8efad4000 	C:\Windows\System32\ADVAPI32.dll
0x00007ff8eeb30000 - 0x00007ff8eebce000 	C:\Windows\System32\msvcrt.dll
0x00007ff8ef6c0000 - 0x00007ff8ef75e000 	C:\Windows\System32\sechost.dll
0x00007ff8ece50000 - 0x00007ff8ecf6f000 	C:\Windows\System32\RPCRT4.dll
0x00007ff8ef890000 - 0x00007ff8efa28000 	C:\Windows\System32\USER32.dll
0x00007ff8ebf90000 - 0x00007ff8ebfb0000 	C:\Windows\System32\win32u.dll
0x00007ff8ed280000 - 0x00007ff8ed2a9000 	C:\Windows\System32\GDI32.dll
0x00007ff8ebcc0000 - 0x00007ff8ebe5c000 	C:\Windows\System32\gdi32full.dll
0x00007ff8ebef0000 - 0x00007ff8ebf90000 	C:\Windows\System32\msvcp_win.dll
0x00007ff8ebbc0000 - 0x00007ff8ebcba000 	C:\Windows\System32\ucrtbase.dll
0x00007ff8dc250000 - 0x00007ff8dc4c9000 	C:\Windows\WinSxS\amd64_microsoft.windows.common-controls_6595b64144ccf1df_6.0.17763.2114_none_de6e8966534dbac6\COMCTL32.dll
0x00007ff8ef2d0000 - 0x00007ff8ef5fd000 	C:\Windows\System32\combase.dll
0x00007ff8ebe60000 - 0x00007ff8ebee2000 	C:\Windows\System32\bcryptPrimitives.dll
0x00007ff8ece20000 - 0x00007ff8ece4e000 	C:\Windows\System32\IMM32.DLL
0x000000006ec10000 - 0x000000006ece2000 	C:\Program Files\Java\jdk1.8.0_91\jre\bin\msvcr100.dll
0x000000006e370000 - 0x000000006ec03000 	C:\Program Files\Java\jdk1.8.0_91\jre\bin\server\jvm.dll
0x00007ff8eebd0000 - 0x00007ff8eebd8000 	C:\Windows\System32\PSAPI.DLL
0x00007ff8e8090000 - 0x00007ff8e8099000 	C:\Windows\SYSTEM32\WSOCK32.dll
0x00007ff8ed450000 - 0x00007ff8ed4bd000 	C:\Windows\System32\WS2_32.dll
0x00007ff8e3a70000 - 0x00007ff8e3a94000 	C:\Windows\SYSTEM32\WINMM.dll
0x00007ff8e7aa0000 - 0x00007ff8e7aaa000 	C:\Windows\SYSTEM32\VERSION.dll
0x00007ff8e3a40000 - 0x00007ff8e3a6d000 	C:\Windows\SYSTEM32\WINMMBASE.dll
0x00007ff8ecc90000 - 0x00007ff8eccda000 	C:\Windows\System32\cfgmgr32.dll
0x000000006f050000 - 0x000000006f05f000 	C:\Program Files\Java\jdk1.8.0_91\jre\bin\verify.dll
0x000000006e340000 - 0x000000006e369000 	C:\Program Files\Java\jdk1.8.0_91\jre\bin\java.dll
0x000000006e320000 - 0x000000006e336000 	C:\Program Files\Java\jdk1.8.0_91\jre\bin\zip.dll
0x00007ff8ed630000 - 0x00007ff8eeb29000 	C:\Windows\System32\SHELL32.dll
0x00007ff8ed3a0000 - 0x00007ff8ed448000 	C:\Windows\System32\shcore.dll
0x00007ff8ec350000 - 0x00007ff8eca9b000 	C:\Windows\System32\windows.storage.dll
0x00007ff8ebb90000 - 0x00007ff8ebbb4000 	C:\Windows\System32\profapi.dll
0x00007ff8ebaf0000 - 0x00007ff8ebb4d000 	C:\Windows\System32\powrprof.dll
0x00007ff8ecd50000 - 0x00007ff8ecda2000 	C:\Windows\System32\shlwapi.dll
0x00007ff8ebb50000 - 0x00007ff8ebb61000 	C:\Windows\System32\kernel.appcore.dll
0x00007ff8ec330000 - 0x00007ff8ec347000 	C:\Windows\System32\cryptsp.dll
0x000000006e300000 - 0x000000006e31a000 	C:\Program Files\Java\jdk1.8.0_91\jre\bin\net.dll
0x00007ff8eb2e0000 - 0x00007ff8eb347000 	C:\Windows\system32\mswsock.dll
0x000000006e2e0000 - 0x000000006e2f1000 	C:\Program Files\Java\jdk1.8.0_91\jre\bin\nio.dll

VM Arguments:
java_command: org.jetbrains.kotlin.cli.jvm.K2JVMCompiler @F:\Projects\MetroTime\MetroTimeX\app\build\20210813_7293083481819501020.compiler.options
java_class_path (initial): C:\Users\Clement\.gradle\caches\modules-2\files-2.1\org.jetbrains.kotlin\kotlin-compiler-embeddable\1.4.31\6451ea797cef544e81f507b0d9959cd97ae09c0\kotlin-compiler-embeddable-1.4.31.jar;C:\Users\Clement\.gradle\caches\modules-2\files-2.1\org.jetbrains.kotlin\kotlin-reflect\1.4.31\63db9d66c3d20f7b8f66196e7ba86969daae8b8a\kotlin-reflect-1.4.31.jar;C:\Users\Clement\.gradle\caches\modules-2\files-2.1\org.jetbrains.kotlin\kotlin-stdlib\1.4.31\a58e0fb9812a6a93ca24b5da75e4b5a0cb89c957\kotlin-stdlib-1.4.31.jar;C:\Users\Clement\.gradle\caches\modules-2\files-2.1\org.jetbrains.kotlin\kotlin-script-runtime\1.4.31\183616b52cfb8ddaa8a2a15bf926e87dfcddcde3\kotlin-script-runtime-1.4.31.jar;C:\Users\Clement\.gradle\caches\modules-2\files-2.1\org.jetbrains.kotlin\kotlin-daemon-embeddable\1.4.31\10faf8ac3dd5975ed972b2bc395b4ffc7ffde246\kotlin-daemon-embeddable-1.4.31.jar;C:\Users\Clement\.gradle\caches\modules-2\files-2.1\org.jetbrains.intellij.deps\trove4j\1.0.20181211\216c2e14b070f334479d800987affe4054cd563f\trove4j-1.0.20181211.jar;C:\Users\Clement\.gradle\caches\modules-2\files-2.1\org.jetbrains.kotlin\kotlin-stdlib-common\1.4.31\6dd50665802f54ba9bc3f70ecb20227d1bc81323\kotlin-stdlib-common-1.4.31.jar;C:\Users\Clement\.gradle\caches\modules-2\files-2.1\org.jetbrains\annotations\13.0\919f0dfe192fb4e063e7dacadee7f8bb9a2672a9\annotations-13.0.jar;C:\Program Files\Java\jdk1.8.0_91\lib\tools.jar
Launcher Type: SUN_STANDARD

Environment Variables:
JAVA_HOME=C:\Program Files\Java\jdk1.8.0_91\bin
CLASSPATH=C:\Program Files\Java\jdk1.8.0_91\bin
PATH=C:\Program Files (x86)\Common Files\Intel\Shared Libraries\redist\ia32\compiler;C:\Program Files (x86)\Common Files\Intel\Shared Libraries\redist\intel64\compiler;C:\Program Files (x86)\Common Files\Oracle\Java\javapath;C:\Windows\system32;C:\Windows;C:\Windows\System32\Wbem;C:\Windows\System32\WindowsPowerShell\v1.0\;C:\Windows\System32\OpenSSH\;C:\Program Files\Java\jdk1.8.0_91\bin;C:\Program Files\Git\cmd;C:\Users\Clement\AppData\Local\Microsoft\WindowsApps;ANDROID_HOME\tools;ANDROID_HOME\platform-tools;;F:\Program Files\JetBrains\IntelliJ IDEA Community Edition 2019.1.3\bin;
USERNAME=Clement
OS=Windows_NT
PROCESSOR_IDENTIFIER=Intel64 Family 6 Model 142 Stepping 10, GenuineIntel



---------------  S Y S T E M  ---------------

OS: Windows 10.0 , 64 bit Build 17763 (10.0.17763.2090)

CPU:total 8 (4 cores per cpu, 2 threads per core) family 6 model 142 stepping 10, cmov, cx8, fxsr, mmx, sse, sse2, sse3, ssse3, sse4.1, sse4.2, popcnt, avx, avx2, aes, clmul, erms, 3dnowpref, lzcnt, ht, tsc, tscinvbit, bmi1, bmi2, adx

Memory: 4k page, physical 8295652k(761300k free), swap 9114852k(6128k free)

vm_info: Java HotSpot(TM) 64-Bit Server VM (25.91-b14) for windows-amd64 JRE (1.8.0_91-b14), built on Apr  1 2016 00:58:32 by "java_re" with MS VC++ 10.0 (VS2010)

time: Fri Aug 13 23:37:04 2021
elapsed time: 12 seconds (0d 0h 0m 12s)

