#
# There is insufficient memory for the Java Runtime Environment to continue.
# Native memory allocation (mmap) failed to map 134217728 bytes for Failed to commit area from 0x0000000081600000 to 0x0000000089600000 of length 134217728.
# Possible reasons:
#   The system is out of physical RAM or swap space
#   The process is running with CompressedOops enabled, and the Java Heap may be blocking the growth of the native heap
# Possible solutions:
#   Reduce memory load on the system
#   Increase physical memory or swap space
#   Check if swap backing store is full
#   Decrease Java heap size (-Xmx/-Xms)
#   Decrease number of Java threads
#   Decrease Java thread stack sizes (-Xss)
#   Set larger code cache with -XX:ReservedCodeCacheSize=
# This output file may be truncated or incomplete.
#
#  Out of Memory Error (./src/hotspot/os/windows/os_windows.cpp:3303), pid=2524, tid=12152
#
# JRE version:  (11.0.8+10) (build )
# Java VM: OpenJDK 64-Bit Server VM (11.0.8+10-b944.6842174, mixed mode, sharing, tiered, compressed oops, g1 gc, windows-amd64)
# No core dump will be written. Minidumps are not enabled by default on client versions of Windows
#

---------------  S U M M A R Y ------------

Command Line: org.jetbrains.git4idea.http.GitAskPassApp Username for 'https://github.com': 

Host: Intel(R) Core(TM) i5-8250U CPU @ 1.60GHz, 8 cores, 7G,  Windows 10 , 64 bit Build 17763 (10.0.17763.2090)
Time: Thu Aug 26 23:31:39 2021 RTZ 2 (ceia) elapsed time: 0 seconds (0d 0h 0m 0s)

---------------  T H R E A D  ---------------

Current thread (0x00000267abc69000):  JavaThread "Unknown thread" [_thread_in_vm, id=12152, stack(0x0000008da6700000,0x0000008da6800000)]

Stack: [0x0000008da6700000,0x0000008da6800000]
Native frames: (J=compiled Java code, j=interpreted, Vv=VM code, C=native code)
V  [jvm.dll+0x5de50a]
V  [jvm.dll+0x7122f5]
V  [jvm.dll+0x71384d]
V  [jvm.dll+0x713f03]
V  [jvm.dll+0x23e728]
V  [jvm.dll+0x5db9a4]
V  [jvm.dll+0x5d0ae5]
V  [jvm.dll+0x2fb20b]
V  [jvm.dll+0x2fb17a]
V  [jvm.dll+0x2fb052]
V  [jvm.dll+0x2fff16]
V  [jvm.dll+0x348743]
V  [jvm.dll+0x348e46]
V  [jvm.dll+0x348843]
V  [jvm.dll+0x2d5d68]
V  [jvm.dll+0x2d6f07]
V  [jvm.dll+0x6f11f7]
V  [jvm.dll+0x6f29ec]
V  [jvm.dll+0x355cb9]
V  [jvm.dll+0x6d4ade]
V  [jvm.dll+0x3bdfe3]
V  [jvm.dll+0x3c0201]
C  [jli.dll+0x5373]
C  [ucrtbase.dll+0x2268a]
C  [KERNEL32.DLL+0x17974]
C  [ntdll.dll+0x5a2f1]


---------------  P R O C E S S  ---------------

Threads class SMR info:
_java_thread_list=0x00000267a9a94eb0, length=0, elements={
}

Java Threads: ( => current thread )

Other Threads:
  0x00000267abc7f800 GCTaskThread "GC Thread#0" [stack: 0x0000008da6800000,0x0000008da6900000] [id=6068]
  0x00000267abcb3800 ConcurrentGCThread "G1 Main Marker" [stack: 0x0000008da6900000,0x0000008da6a00000] [id=8740]
  0x00000267abcb6000 ConcurrentGCThread "G1 Conc#0" [stack: 0x0000008da6a00000,0x0000008da6b00000] [id=11912]

[error occurred during error reporting (printing all threads), id 0xc0000005, EXCEPTION_ACCESS_VIOLATION (0xc0000005) at pc=0x00007ffa5a816357]

VM state:not at safepoint (not fully initialized)

VM Mutex/Monitor currently owned by a thread:  ([mutex/lock_event])
[0x00000267abc678c0] Heap_lock - owner thread: 0x00000267abc69000

Heap address: 0x0000000081600000, size: 2026 MB, Compressed Oops mode: Non-zero based: 0x0000000081600000
Narrow klass base: 0x0000000000000000, Narrow klass shift: 0

GC Heap History (0 events):
No events

Deoptimization events (0 events):
No events

Classes redefined (0 events):
No events

Internal exceptions (0 events):
No events

Events (1 events):
Event: 0.011 Loaded shared library F:\Android\Android Studio\jre\bin\zip.dll


Dynamic libraries:
0x00007ff625320000 - 0x00007ff62532a000 	F:\Android\Android Studio\jre\bin\java.exe
0x00007ffaa47b0000 - 0x00007ffaa499d000 	C:\Windows\SYSTEM32\ntdll.dll
0x00007ffaa3b70000 - 0x00007ffaa3c23000 	C:\Windows\System32\KERNEL32.DLL
0x00007ffaa0c70000 - 0x00007ffaa0f05000 	C:\Windows\System32\KERNELBASE.dll
0x00007ffaa0960000 - 0x00007ffaa0a5a000 	C:\Windows\System32\ucrtbase.dll
0x00007ffa9d080000 - 0x00007ffa9d099000 	F:\Android\Android Studio\jre\bin\jli.dll
0x00007ffaa1d40000 - 0x00007ffaa1ed8000 	C:\Windows\System32\USER32.dll
0x00007ffaa19c0000 - 0x00007ffaa19e0000 	C:\Windows\System32\win32u.dll
0x00007ffaa1b90000 - 0x00007ffaa1bb9000 	C:\Windows\System32\GDI32.dll
0x00007ffaa0f60000 - 0x00007ffaa10fc000 	C:\Windows\System32\gdi32full.dll
0x00007ffaa08c0000 - 0x00007ffaa0960000 	C:\Windows\System32\msvcp_win.dll
0x00007ffa9b260000 - 0x00007ffa9b277000 	F:\Android\Android Studio\jre\bin\VCRUNTIME140.dll
0x00007ffa8ab20000 - 0x00007ffa8ad99000 	C:\Windows\WinSxS\amd64_microsoft.windows.common-controls_6595b64144ccf1df_6.0.17763.2114_none_de6e8966534dbac6\COMCTL32.dll
0x00007ffaa4020000 - 0x00007ffaa40be000 	C:\Windows\System32\msvcrt.dll
0x00007ffaa1f50000 - 0x00007ffaa227d000 	C:\Windows\System32\combase.dll
0x00007ffaa4540000 - 0x00007ffaa465f000 	C:\Windows\System32\RPCRT4.dll
0x00007ffaa1900000 - 0x00007ffaa1982000 	C:\Windows\System32\bcryptPrimitives.dll
0x00007ffaa4750000 - 0x00007ffaa477e000 	C:\Windows\System32\IMM32.DLL
0x00007ffa832e0000 - 0x00007ffa8337d000 	F:\Android\Android Studio\jre\bin\msvcp140.dll
0x00007ffa5a530000 - 0x00007ffa5afec000 	F:\Android\Android Studio\jre\bin\server\jvm.dll
0x00007ffaa2280000 - 0x00007ffaa2324000 	C:\Windows\System32\ADVAPI32.dll
0x00007ffaa1c40000 - 0x00007ffaa1cde000 	C:\Windows\System32\sechost.dll
0x00007ffaa46e0000 - 0x00007ffaa46e8000 	C:\Windows\System32\PSAPI.DLL
0x00007ffa9d0c0000 - 0x00007ffa9d0c9000 	C:\Windows\SYSTEM32\WSOCK32.dll
0x00007ffaa1ee0000 - 0x00007ffaa1f4d000 	C:\Windows\System32\WS2_32.dll
0x00007ffa9e980000 - 0x00007ffa9e9a4000 	C:\Windows\SYSTEM32\WINMM.dll
0x00007ffa9b5e0000 - 0x00007ffa9b5ea000 	C:\Windows\SYSTEM32\VERSION.dll
0x00007ffa9e810000 - 0x00007ffa9e83d000 	C:\Windows\SYSTEM32\WINMMBASE.dll
0x00007ffaa0f10000 - 0x00007ffaa0f5a000 	C:\Windows\System32\cfgmgr32.dll
0x00007ffaa07e0000 - 0x00007ffaa07f1000 	C:\Windows\System32\kernel.appcore.dll
0x00007ffa9c5a0000 - 0x00007ffa9c5b1000 	F:\Android\Android Studio\jre\bin\verify.dll
0x00007ffa8dc80000 - 0x00007ffa8de6d000 	C:\Windows\SYSTEM32\DBGHELP.DLL
0x00007ffa8da60000 - 0x00007ffa8da8a000 	C:\Windows\SYSTEM32\dbgcore.DLL
0x00007ffa9c570000 - 0x00007ffa9c599000 	F:\Android\Android Studio\jre\bin\java.dll
0x00007ffa9cfe0000 - 0x00007ffa9cfeb000 	F:\Android\Android Studio\jre\bin\jimage.dll
0x00007ffa9c550000 - 0x00007ffa9c568000 	F:\Android\Android Studio\jre\bin\zip.dll

dbghelp: loaded successfully - version: 4.0.5 - missing functions: none
symbol engine: initialized successfully - sym options: 0x614 - pdb path: .;F:\Android\Android Studio\jre\bin;C:\Windows\SYSTEM32;C:\Windows\WinSxS\amd64_microsoft.windows.common-controls_6595b64144ccf1df_6.0.17763.2114_none_de6e8966534dbac6;F:\Android\Android Studio\jre\bin\server

VM Arguments:
java_command: org.jetbrains.git4idea.http.GitAskPassApp Username for 'https://github.com': 
java_class_path (initial): F:/Android/Android Studio/plugins/git4idea/lib/git4idea-rt.jar;F:/Android/Android Studio/lib/xmlrpc-2.0.1.jar;F:/Android/Android Studio/lib/commons-codec-1.14.jar
Launcher Type: SUN_STANDARD

[Global flags]
     intx CICompilerCount                          = 4                                         {product} {ergonomic}
     uint ConcGCThreads                            = 2                                         {product} {ergonomic}
     uint G1ConcRefinementThreads                  = 8                                         {product} {ergonomic}
   size_t G1HeapRegionSize                         = 1048576                                   {product} {ergonomic}
    uintx GCDrainStackTargetSize                   = 64                                        {product} {ergonomic}
   size_t InitialHeapSize                          = 134217728                                 {product} {ergonomic}
   size_t MarkStackSize                            = 4194304                                   {product} {ergonomic}
   size_t MaxHeapSize                              = 2124414976                                {product} {ergonomic}
   size_t MinHeapDeltaBytes                        = 1048576                                   {product} {ergonomic}
    uintx NonNMethodCodeHeapSize                   = 5836300                                {pd product} {ergonomic}
    uintx NonProfiledCodeHeapSize                  = 122910970                              {pd product} {ergonomic}
    uintx ProfiledCodeHeapSize                     = 122910970                              {pd product} {ergonomic}
    uintx ReservedCodeCacheSize                    = 251658240                              {pd product} {ergonomic}
     bool SegmentedCodeCache                       = true                                      {product} {ergonomic}
     bool UseCompressedClassPointers               = true                                 {lp64_product} {ergonomic}
     bool UseCompressedOops                        = true                                 {lp64_product} {ergonomic}
     bool UseG1GC                                  = true                                      {product} {ergonomic}
     bool UseLargePagesIndividualAllocation        = false                                  {pd product} {ergonomic}

Logging:
Log output configuration:
 #0: stdout all=warning uptime,level,tags
 #1: stderr all=off uptime,level,tags

Environment Variables:
JAVA_HOME=C:\Program Files\Java\jdk1.8.0_91\bin
CLASSPATH=C:\Program Files\Java\jdk1.8.0_91\bin
PATH=C:\Program Files\Git\mingw64\libexec\git-core;C:\Program Files\Git\mingw64\libexec\git-core;C:\Program Files\Git\mingw64\bin;C:\Program Files\Git\usr\bin;C:\Users\Clement\bin;C:\Program Files (x86)\Common Files\Intel\Shared Libraries\redist\ia32\compiler;C:\Program Files (x86)\Common Files\Intel\Shared Libraries\redist\intel64\compiler;C:\Program Files (x86)\Common Files\Oracle\Java\javapath;C:\Windows\system32;C:\Windows;C:\Windows\System32\Wbem;C:\Windows\System32\WindowsPowerShell\v1.0;C:\Windows\System32\OpenSSH;C:\Program Files\Java\jdk1.8.0_91\bin;C:\Program Files\Git\cmd;C:\Users\Clement\AppData\Local\Microsoft\WindowsApps;ANDROID_HOME\tools;ANDROID_HOME\platform-tools;F:\Program Files\JetBrains\IntelliJ IDEA Community Edition 2019.1.3\bin
USERNAME=Clement
DISPLAY=:0.0
LC_ALL=en_US.UTF-8
OS=Windows_NT
PROCESSOR_IDENTIFIER=Intel64 Family 6 Model 142 Stepping 10, GenuineIntel



---------------  S Y S T E M  ---------------

OS: Windows 10 , 64 bit Build 17763 (10.0.17763.2090)
OS uptime: 0 days 5:20 hours

CPU:total 8 (initial active 8) (4 cores per cpu, 2 threads per core) family 6 model 142 stepping 10, cmov, cx8, fxsr, mmx, sse, sse2, sse3, ssse3, sse4.1, sse4.2, popcnt, avx, avx2, aes, clmul, erms, 3dnowpref, lzcnt, ht, tsc, tscinvbit, bmi1, bmi2, adx, fma

Memory: 4k page, system-wide physical 8101M (1032M free)
TotalPageFile size 8901M (AvailPageFile size 43M)
current process WorkingSet (physical memory assigned to process): 10M, peak: 10M
current process commit charge ("private bytes"): 60M, peak: 188M

vm_info: OpenJDK 64-Bit Server VM (11.0.8+10-b944.6842174) for windows-amd64 JRE (11.0.8+10-b944.6842174), built on Sep 19 2020 01:11:42 by "builder" with MS VC++ 14.0 (VS2015)

END.
