#
# There is insufficient memory for the Java Runtime Environment to continue.
# Native memory allocation (mmap) failed to map 134217728 bytes for Failed to commit area from 0x0000000081600000 to 0x0000000089600000 of length 134217728.
# Possible reasons:
#   The system is out of physical RAM or swap space
#   The process is running with CompressedOops enabled, and the Java Heap may be blocking the growth of the native heap
# Possible solutions:
#   Reduce memory load on the system
#   Increase physical memory or swap space
#   Check if swap backing store is full
#   Decrease Java heap size (-Xmx/-Xms)
#   Decrease number of Java threads
#   Decrease Java thread stack sizes (-Xss)
#   Set larger code cache with -XX:ReservedCodeCacheSize=
# This output file may be truncated or incomplete.
#
#  Out of Memory Error (./src/hotspot/os/windows/os_windows.cpp:3303), pid=14972, tid=2076
#
# JRE version:  (11.0.8+10) (build )
# Java VM: OpenJDK 64-Bit Server VM (11.0.8+10-b944.6842174, mixed mode, sharing, tiered, compressed oops, g1 gc, windows-amd64)
# No core dump will be written. Minidumps are not enabled by default on client versions of Windows
#

---------------  S U M M A R Y ------------

Command Line: org.jetbrains.git4idea.http.GitAskPassApp Username for 'https://github.com': 

Host: Intel(R) Core(TM) i5-8250U CPU @ 1.60GHz, 8 cores, 7G,  Windows 10 , 64 bit Build 17763 (10.0.17763.2028)
Time: Wed Jul 14 12:37:34 2021 RTZ 2 (ceia) elapsed time: 0 seconds (0d 0h 0m 0s)

---------------  T H R E A D  ---------------

Current thread (0x00000220e13b9000):  JavaThread "Unknown thread" [_thread_in_vm, id=2076, stack(0x000000ac43500000,0x000000ac43600000)]

Stack: [0x000000ac43500000,0x000000ac43600000]
Native frames: (J=compiled Java code, j=interpreted, Vv=VM code, C=native code)
V  [jvm.dll+0x5de50a]
V  [jvm.dll+0x7122f5]
V  [jvm.dll+0x71384d]
V  [jvm.dll+0x713f03]
V  [jvm.dll+0x23e728]
V  [jvm.dll+0x5db9a4]
V  [jvm.dll+0x5d0ae5]
V  [jvm.dll+0x2fb20b]
V  [jvm.dll+0x2fb17a]
V  [jvm.dll+0x2fb052]
V  [jvm.dll+0x2fff16]
V  [jvm.dll+0x348743]
V  [jvm.dll+0x348e46]
V  [jvm.dll+0x348843]
V  [jvm.dll+0x2d5d68]
V  [jvm.dll+0x2d6f07]
V  [jvm.dll+0x6f11f7]
V  [jvm.dll+0x6f29ec]
V  [jvm.dll+0x355cb9]
V  [jvm.dll+0x6d4ade]
V  [jvm.dll+0x3bdfe3]
V  [jvm.dll+0x3c0201]
C  [jli.dll+0x5373]
C  [ucrtbase.dll+0x2268a]
C  [KERNEL32.DLL+0x17974]
C  [ntdll.dll+0x5a2f1]


---------------  P R O C E S S  ---------------

Threads class SMR info:
_java_thread_list=0x00000220df194f70, length=0, elements={
}

Java Threads: ( => current thread )

Other Threads:
  0x00000220e13cf800 GCTaskThread "GC Thread#0" [stack: 0x000000ac43600000,0x000000ac43700000] [id=9356]
  0x00000220e1403800 ConcurrentGCThread "G1 Main Marker" [stack: 0x000000ac43700000,0x000000ac43800000] [id=7176]
  0x00000220e1406000 ConcurrentGCThread "G1 Conc#0" [stack: 0x000000ac43800000,0x000000ac43900000] [id=14216]

[error occurred during error reporting (printing all threads), id 0xc0000005, EXCEPTION_ACCESS_VIOLATION (0xc0000005) at pc=0x00007ffde69d6357]

VM state:not at safepoint (not fully initialized)

VM Mutex/Monitor currently owned by a thread:  ([mutex/lock_event])
[0x00000220e13b87f0] Heap_lock - owner thread: 0x00000220e13b9000

Heap address: 0x0000000081600000, size: 2026 MB, Compressed Oops mode: Non-zero based: 0x0000000081600000
Narrow klass base: 0x0000000000000000, Narrow klass shift: 0

GC Heap History (0 events):
No events

Deoptimization events (0 events):
No events

Classes redefined (0 events):
No events

Internal exceptions (0 events):
No events

Events (1 events):
Event: 0.017 Loaded shared library F:\Android\Android Studio\jre\bin\zip.dll


Dynamic libraries:
0x00007ff689220000 - 0x00007ff68922a000 	F:\Android\Android Studio\jre\bin\java.exe
0x00007ffe0f160000 - 0x00007ffe0f34d000 	C:\Windows\SYSTEM32\ntdll.dll
0x00007ffe0d1f0000 - 0x00007ffe0d2a3000 	C:\Windows\System32\KERNEL32.DLL
0x00007ffe0bd40000 - 0x00007ffe0bfd5000 	C:\Windows\System32\KERNELBASE.dll
0x00007ffe0c0d0000 - 0x00007ffe0c1ca000 	C:\Windows\System32\ucrtbase.dll
0x00007ffdff230000 - 0x00007ffdff249000 	F:\Android\Android Studio\jre\bin\jli.dll
0x00007ffe0c400000 - 0x00007ffe0c598000 	C:\Windows\System32\USER32.dll
0x00007ffe0c280000 - 0x00007ffe0c2a0000 	C:\Windows\System32\win32u.dll
0x00007ffe0d420000 - 0x00007ffe0d449000 	C:\Windows\System32\GDI32.dll
0x00007ffe0b9b0000 - 0x00007ffe0bb4c000 	C:\Windows\System32\gdi32full.dll
0x00007ffe0c2f0000 - 0x00007ffe0c390000 	C:\Windows\System32\msvcp_win.dll
0x00007ffdff070000 - 0x00007ffdff087000 	F:\Android\Android Studio\jre\bin\VCRUNTIME140.dll
0x00007ffdf6540000 - 0x00007ffdf67b9000 	C:\Windows\WinSxS\amd64_microsoft.windows.common-controls_6595b64144ccf1df_6.0.17763.2029_none_de6f17ec534d53f1\COMCTL32.dll
0x00007ffe0ce00000 - 0x00007ffe0ce9e000 	C:\Windows\System32\msvcrt.dll
0x00007ffe0cad0000 - 0x00007ffe0cdfd000 	C:\Windows\System32\combase.dll
0x00007ffe0c9b0000 - 0x00007ffe0cacf000 	C:\Windows\System32\RPCRT4.dll
0x00007ffe0bfe0000 - 0x00007ffe0c062000 	C:\Windows\System32\bcryptPrimitives.dll
0x00007ffe0f100000 - 0x00007ffe0f12e000 	C:\Windows\System32\IMM32.DLL
0x00007ffde7b30000 - 0x00007ffde7bcd000 	F:\Android\Android Studio\jre\bin\msvcp140.dll
0x00007ffde66f0000 - 0x00007ffde71ac000 	F:\Android\Android Studio\jre\bin\server\jvm.dll
0x00007ffe0da20000 - 0x00007ffe0dac4000 	C:\Windows\System32\ADVAPI32.dll
0x00007ffe0d500000 - 0x00007ffe0d59e000 	C:\Windows\System32\sechost.dll
0x00007ffe0c3f0000 - 0x00007ffe0c3f8000 	C:\Windows\System32\PSAPI.DLL
0x00007ffe093d0000 - 0x00007ffe093d9000 	C:\Windows\SYSTEM32\WSOCK32.dll
0x00007ffe0d020000 - 0x00007ffe0d08d000 	C:\Windows\System32\WS2_32.dll
0x00007ffe09320000 - 0x00007ffe09344000 	C:\Windows\SYSTEM32\WINMM.dll
0x00007ffe067b0000 - 0x00007ffe067ba000 	C:\Windows\SYSTEM32\VERSION.dll
0x00007ffe091b0000 - 0x00007ffe091dd000 	C:\Windows\SYSTEM32\WINMMBASE.dll
0x00007ffe0c2a0000 - 0x00007ffe0c2ea000 	C:\Windows\System32\cfgmgr32.dll
0x00007ffe0b1d0000 - 0x00007ffe0b1e1000 	C:\Windows\System32\kernel.appcore.dll
0x00007ffe04a20000 - 0x00007ffe04a31000 	F:\Android\Android Studio\jre\bin\verify.dll
0x00007ffe00270000 - 0x00007ffe0045d000 	C:\Windows\SYSTEM32\DBGHELP.DLL
0x00007ffdffd40000 - 0x00007ffdffd6a000 	C:\Windows\SYSTEM32\dbgcore.DLL
0x00007ffe049b0000 - 0x00007ffe049d9000 	F:\Android\Android Studio\jre\bin\java.dll
0x00007ffe093c0000 - 0x00007ffe093cb000 	F:\Android\Android Studio\jre\bin\jimage.dll
0x00007ffe04a00000 - 0x00007ffe04a18000 	F:\Android\Android Studio\jre\bin\zip.dll

dbghelp: loaded successfully - version: 4.0.5 - missing functions: none
symbol engine: initialized successfully - sym options: 0x614 - pdb path: .;F:\Android\Android Studio\jre\bin;C:\Windows\SYSTEM32;C:\Windows\WinSxS\amd64_microsoft.windows.common-controls_6595b64144ccf1df_6.0.17763.2029_none_de6f17ec534d53f1;F:\Android\Android Studio\jre\bin\server

VM Arguments:
java_command: org.jetbrains.git4idea.http.GitAskPassApp Username for 'https://github.com': 
java_class_path (initial): F:/Android/Android Studio/plugins/git4idea/lib/git4idea-rt.jar;F:/Android/Android Studio/lib/xmlrpc-2.0.1.jar;F:/Android/Android Studio/lib/commons-codec-1.14.jar
Launcher Type: SUN_STANDARD

[Global flags]
     intx CICompilerCount                          = 4                                         {product} {ergonomic}
     uint ConcGCThreads                            = 2                                         {product} {ergonomic}
     uint G1ConcRefinementThreads                  = 8                                         {product} {ergonomic}
   size_t G1HeapRegionSize                         = 1048576                                   {product} {ergonomic}
    uintx GCDrainStackTargetSize                   = 64                                        {product} {ergonomic}
   size_t InitialHeapSize                          = 134217728                                 {product} {ergonomic}
   size_t MarkStackSize                            = 4194304                                   {product} {ergonomic}
   size_t MaxHeapSize                              = 2124414976                                {product} {ergonomic}
   size_t MinHeapDeltaBytes                        = 1048576                                   {product} {ergonomic}
    uintx NonNMethodCodeHeapSize                   = 5836300                                {pd product} {ergonomic}
    uintx NonProfiledCodeHeapSize                  = 122910970                              {pd product} {ergonomic}
    uintx ProfiledCodeHeapSize                     = 122910970                              {pd product} {ergonomic}
    uintx ReservedCodeCacheSize                    = 251658240                              {pd product} {ergonomic}
     bool SegmentedCodeCache                       = true                                      {product} {ergonomic}
     bool UseCompressedClassPointers               = true                                 {lp64_product} {ergonomic}
     bool UseCompressedOops                        = true                                 {lp64_product} {ergonomic}
     bool UseG1GC                                  = true                                      {product} {ergonomic}
     bool UseLargePagesIndividualAllocation        = false                                  {pd product} {ergonomic}

Logging:
Log output configuration:
 #0: stdout all=warning uptime,level,tags
 #1: stderr all=off uptime,level,tags

Environment Variables:
JAVA_HOME=C:\Program Files\Java\jdk1.8.0_91\bin
CLASSPATH=C:\Program Files\Java\jdk1.8.0_91\bin
PATH=C:\Program Files\Git\mingw64\libexec\git-core;C:\Program Files\Git\mingw64\libexec\git-core;C:\Program Files\Git\mingw64\bin;C:\Program Files\Git\usr\bin;C:\Users\Clement\bin;C:\Program Files (x86)\Common Files\Intel\Shared Libraries\redist\ia32\compiler;C:\Program Files (x86)\Common Files\Intel\Shared Libraries\redist\intel64\compiler;C:\Program Files (x86)\Common Files\Oracle\Java\javapath;C:\Windows\system32;C:\Windows;C:\Windows\System32\Wbem;C:\Windows\System32\WindowsPowerShell\v1.0;C:\Windows\System32\OpenSSH;C:\Program Files\Java\jdk1.8.0_91\bin;C:\Program Files\Git\cmd;C:\Users\Clement\AppData\Local\Microsoft\WindowsApps;ANDROID_HOME\tools;ANDROID_HOME\platform-tools;F:\Program Files\JetBrains\IntelliJ IDEA Community Edition 2019.1.3\bin
USERNAME=Clement
DISPLAY=:0.0
LC_ALL=en_US.UTF-8
OS=Windows_NT
PROCESSOR_IDENTIFIER=Intel64 Family 6 Model 142 Stepping 10, GenuineIntel



---------------  S Y S T E M  ---------------

OS: Windows 10 , 64 bit Build 17763 (10.0.17763.2028)
OS uptime: 2 days 14:58 hours

CPU:total 8 (initial active 8) (4 cores per cpu, 2 threads per core) family 6 model 142 stepping 10, cmov, cx8, fxsr, mmx, sse, sse2, sse3, ssse3, sse4.1, sse4.2, popcnt, avx, avx2, aes, clmul, erms, 3dnowpref, lzcnt, ht, tsc, tscinvbit, bmi1, bmi2, adx, fma

Memory: 4k page, system-wide physical 8101M (903M free)
TotalPageFile size 8885M (AvailPageFile size 42M)
current process WorkingSet (physical memory assigned to process): 10M, peak: 10M
current process commit charge ("private bytes"): 60M, peak: 188M

vm_info: OpenJDK 64-Bit Server VM (11.0.8+10-b944.6842174) for windows-amd64 JRE (11.0.8+10-b944.6842174), built on Sep 19 2020 01:11:42 by "builder" with MS VC++ 14.0 (VS2015)

END.
