#
# There is insufficient memory for the Java Runtime Environment to continue.
# Native memory allocation (malloc) failed to allocate 1432176 bytes for Chunk::new
# Possible reasons:
#   The system is out of physical RAM or swap space
#   The process is running with CompressedOops enabled, and the Java Heap may be blocking the growth of the native heap
# Possible solutions:
#   Reduce memory load on the system
#   Increase physical memory or swap space
#   Check if swap backing store is full
#   Decrease Java heap size (-Xmx/-Xms)
#   Decrease number of Java threads
#   Decrease Java thread stack sizes (-Xss)
#   Set larger code cache with -XX:ReservedCodeCacheSize=
#   JVM is running with Unscaled Compressed Oops mode in which the Java heap is
#     placed in the first 4GB address space. The Java Heap base address is the
#     maximum limit for the native heap growth. Please use -XX:HeapBaseMinAddress
#     to set the Java Heap base and to place the Java Heap above 4GB virtual address.
# This output file may be truncated or incomplete.
#
#  Out of Memory Error (./src/hotspot/share/memory/arena.cpp:197), pid=13788, tid=7108
#
# JRE version: OpenJDK Runtime Environment (11.0.8+10) (build 11.0.8+10-b944.6842174)
# Java VM: OpenJDK 64-Bit Server VM (11.0.8+10-b944.6842174, mixed mode, tiered, compressed oops, g1 gc, windows-amd64)
# No core dump will be written. Minidumps are not enabled by default on client versions of Windows
#

---------------  S U M M A R Y ------------

Command Line: --add-opens=java.base/java.util=ALL-UNNAMED --add-opens=java.base/java.lang=ALL-UNNAMED --add-opens=java.base/java.lang.invoke=ALL-UNNAMED --add-opens=java.prefs/java.util.prefs=ALL-UNNAMED -Xmx2048m -Dfile.encoding=UTF-8 -Duser.country=RU -Duser.language=ru -Duser.variant org.gradle.launcher.daemon.bootstrap.GradleDaemon 6.5

Host: Intel(R) Core(TM) i5-8250U CPU @ 1.60GHz, 8 cores, 7G,  Windows 10 , 64 bit Build 17763 (10.0.17763.2028)
Time: Wed Jul 21 15:11:46 2021 RTZ 2 (ceia) elapsed time: 2 seconds (0d 0h 0m 2s)

---------------  T H R E A D  ---------------

Current thread (0x000001a437c50000):  JavaThread "C2 CompilerThread0" daemon [_thread_in_native, id=7108, stack(0x00000089ecd00000,0x00000089ece00000)]


Current CompileTask:
C2:   2420 1884   !   4       java.lang.ClassLoader::loadClass (122 bytes)

Stack: [0x00000089ecd00000,0x00000089ece00000]
Native frames: (J=compiled Java code, j=interpreted, Vv=VM code, C=native code)
V  [jvm.dll+0x5de50a]
V  [jvm.dll+0x7122f5]
V  [jvm.dll+0x71384d]
V  [jvm.dll+0x713f03]
V  [jvm.dll+0x23e728]
V  [jvm.dll+0xb899c]
V  [jvm.dll+0xb8e9c]
V  [jvm.dll+0x35024d]
V  [jvm.dll+0x193ebc]
V  [jvm.dll+0x1f780e]
V  [jvm.dll+0x1f68d4]
V  [jvm.dll+0x17f32c]
V  [jvm.dll+0x205047]
V  [jvm.dll+0x203891]
V  [jvm.dll+0x6dad3f]
V  [jvm.dll+0x6d3895]
V  [jvm.dll+0x5dd4a6]
C  [ucrtbase.dll+0x2268a]
C  [KERNEL32.DLL+0x17974]
C  [ntdll.dll+0x5a2f1]


---------------  P R O C E S S  ---------------

Threads class SMR info:
_java_thread_list=0x000001a439dcb0a0, length=24, elements={
0x000001a41d0f8800, 0x000001a43740d000, 0x000001a43740e800, 0x000001a437c4c800,
0x000001a437c4d800, 0x000001a437c50000, 0x000001a437c53000, 0x000001a437c56000,
0x000001a437e0f000, 0x000001a437e21000, 0x000001a4397a8000, 0x000001a437fb0800,
0x000001a438fa9000, 0x000001a4390dc000, 0x000001a438fa6000, 0x000001a439b86800,
0x000001a439d3a000, 0x000001a439d3b000, 0x000001a439b82800, 0x000001a439b47800,
0x000001a439c00800, 0x000001a439bfe800, 0x000001a439c01000, 0x000001a439fab800
}

Java Threads: ( => current thread )
  0x000001a41d0f8800 JavaThread "main" [_thread_blocked, id=10984, stack(0x00000089ec200000,0x00000089ec300000)]
  0x000001a43740d000 JavaThread "Reference Handler" daemon [_thread_blocked, id=1360, stack(0x00000089ec900000,0x00000089eca00000)]
  0x000001a43740e800 JavaThread "Finalizer" daemon [_thread_blocked, id=10428, stack(0x00000089eca00000,0x00000089ecb00000)]
  0x000001a437c4c800 JavaThread "Signal Dispatcher" daemon [_thread_blocked, id=12948, stack(0x00000089ecb00000,0x00000089ecc00000)]
  0x000001a437c4d800 JavaThread "Attach Listener" daemon [_thread_blocked, id=936, stack(0x00000089ecc00000,0x00000089ecd00000)]
=>0x000001a437c50000 JavaThread "C2 CompilerThread0" daemon [_thread_in_native, id=7108, stack(0x00000089ecd00000,0x00000089ece00000)]
  0x000001a437c53000 JavaThread "C1 CompilerThread0" daemon [_thread_blocked, id=1568, stack(0x00000089ece00000,0x00000089ecf00000)]
  0x000001a437c56000 JavaThread "Sweeper thread" daemon [_thread_blocked, id=9532, stack(0x00000089ecf00000,0x00000089ed000000)]
  0x000001a437e0f000 JavaThread "Common-Cleaner" daemon [_thread_blocked, id=5892, stack(0x00000089ed000000,0x00000089ed100000)]
  0x000001a437e21000 JavaThread "Service Thread" daemon [_thread_blocked, id=1760, stack(0x00000089ed100000,0x00000089ed200000)]
  0x000001a4397a8000 JavaThread "Daemon health stats" [_thread_blocked, id=12276, stack(0x00000089ed600000,0x00000089ed700000)]
  0x000001a437fb0800 JavaThread "Incoming local TCP Connector on port 62422" [_thread_in_native, id=10540, stack(0x00000089ed800000,0x00000089ed900000)]
  0x000001a438fa9000 JavaThread "Daemon periodic checks" [_thread_blocked, id=10024, stack(0x00000089ed900000,0x00000089eda00000)]
  0x000001a4390dc000 JavaThread "Daemon" [_thread_blocked, id=11984, stack(0x00000089eda00000,0x00000089edb00000)]
  0x000001a438fa6000 JavaThread "Handler for socket connection from /127.0.0.1:62422 to /127.0.0.1:62423" [_thread_in_native, id=7040, stack(0x00000089edb00000,0x00000089edc00000)]
  0x000001a439b86800 JavaThread "Cancel handler" [_thread_blocked, id=1120, stack(0x00000089edc00000,0x00000089edd00000)]
  0x000001a439d3a000 JavaThread "Daemon worker" [_thread_in_native, id=3804, stack(0x00000089edd00000,0x00000089ede00000)]
  0x000001a439d3b000 JavaThread "Asynchronous log dispatcher for DefaultDaemonConnection: socket connection from /127.0.0.1:62422 to /127.0.0.1:62423" [_thread_blocked, id=1944, stack(0x00000089ede00000,0x00000089edf00000)]
  0x000001a439b82800 JavaThread "Stdin handler" [_thread_blocked, id=14308, stack(0x00000089edf00000,0x00000089ee000000)]
  0x000001a439b47800 JavaThread "Thread-8" [_thread_blocked, id=12544, stack(0x00000089ee000000,0x00000089ee100000)]
  0x000001a439c00800 JavaThread "Cache worker for journal cache (C:\Users\Clement\.gradle\caches\journal-1)" [_thread_blocked, id=10876, stack(0x00000089ee100000,0x00000089ee200000)]
  0x000001a439bfe800 JavaThread "File lock request listener" [_thread_in_native, id=14180, stack(0x00000089ee700000,0x00000089ee800000)]
  0x000001a439c01000 JavaThread "Cache worker for file hash cache (C:\Users\Clement\.gradle\caches\6.5\fileHashes)" [_thread_blocked, id=12516, stack(0x00000089ee800000,0x00000089ee900000)]
  0x000001a439fab800 JavaThread "C2 CompilerThread1" daemon [_thread_blocked, id=6248, stack(0x00000089eea00000,0x00000089eeb00000)]

Other Threads:
  0x000001a437c45800 VMThread "VM Thread" [stack: 0x00000089ec800000,0x00000089ec900000] [id=13732]
  0x000001a437e22000 WatcherThread [stack: 0x00000089ed200000,0x00000089ed300000] [id=11764]
  0x000001a41d111000 GCTaskThread "GC Thread#0" [stack: 0x00000089ec300000,0x00000089ec400000] [id=1504]
  0x000001a4389a0000 GCTaskThread "GC Thread#1" [stack: 0x00000089ed400000,0x00000089ed500000] [id=10016]
  0x000001a438960000 GCTaskThread "GC Thread#2" [stack: 0x00000089ed500000,0x00000089ed600000] [id=5544]
  0x000001a439860800 GCTaskThread "GC Thread#3" [stack: 0x00000089ee200000,0x00000089ee300000] [id=11920]
  0x000001a439b85000 GCTaskThread "GC Thread#4" [stack: 0x00000089ee300000,0x00000089ee400000] [id=7528]
  0x000001a439b86000 GCTaskThread "GC Thread#5" [stack: 0x00000089ee400000,0x00000089ee500000] [id=14200]
  0x000001a439b6a800 GCTaskThread "GC Thread#6" [stack: 0x00000089ee500000,0x00000089ee600000] [id=11528]
  0x000001a439b6b000 GCTaskThread "GC Thread#7" [stack: 0x00000089ee600000,0x00000089ee700000] [id=9348]
  0x000001a41d143000 ConcurrentGCThread "G1 Main Marker" [stack: 0x00000089ec400000,0x00000089ec500000] [id=8380]
  0x000001a41d145800 ConcurrentGCThread "G1 Conc#0" [stack: 0x00000089ec500000,0x00000089ec600000] [id=11480]
  0x000001a439c16000 ConcurrentGCThread "G1 Conc#1" [stack: 0x00000089ee900000,0x00000089eea00000] [id=9224]
  0x000001a437263800 ConcurrentGCThread "G1 Refine#0" [stack: 0x00000089ec600000,0x00000089ec700000] [id=9760]
  0x000001a437264800 ConcurrentGCThread "G1 Young RemSet Sampling" [stack: 0x00000089ec700000,0x00000089ec800000] [id=10268]

Threads with active compile tasks:
C2 CompilerThread0   2440 1884   !   4       java.lang.ClassLoader::loadClass (122 bytes)

VM state:not at safepoint (normal execution)

VM Mutex/Monitor currently owned by a thread: None

Heap address: 0x0000000080000000, size: 2048 MB, Compressed Oops mode: 32-bit
Narrow klass base: 0x0000000000000000, Narrow klass shift: 3
Compressed class space size: 1073741824 Address: 0x0000000100000000

Heap:
 garbage-first heap   total 131072K, used 43355K [0x0000000080000000, 0x0000000100000000)
  region size 1024K, 28 young (28672K), 1 survivors (1024K)
 Metaspace       used 23867K, capacity 24497K, committed 24624K, reserved 1071104K
  class space    used 2969K, capacity 3134K, committed 3200K, reserved 1048576K
Heap Regions: E=young(eden), S=young(survivor), O=old, HS=humongous(starts), HC=humongous(continues), CS=collection set, F=free, A=archive, TAMS=top-at-mark-start (previous, next)
|   0|0x0000000080000000, 0x0000000080000000, 0x0000000080100000|  0%| F|  |TAMS 0x0000000080000000, 0x0000000080000000| Untracked 
|   1|0x0000000080100000, 0x0000000080200000, 0x0000000080200000|100%| O|  |TAMS 0x0000000080200000, 0x0000000080100000| Untracked 
|   2|0x0000000080200000, 0x0000000080300000, 0x0000000080300000|100%| O|  |TAMS 0x0000000080300000, 0x0000000080200000| Untracked 
|   3|0x0000000080300000, 0x0000000080400000, 0x0000000080400000|100%|HS|  |TAMS 0x0000000080400000, 0x0000000080300000| Complete 
|   4|0x0000000080400000, 0x0000000080500000, 0x0000000080500000|100%|HC|  |TAMS 0x0000000080500000, 0x0000000080400000| Complete 
|   5|0x0000000080500000, 0x0000000080600000, 0x0000000080600000|100%|HC|  |TAMS 0x0000000080600000, 0x0000000080500000| Complete 
|   6|0x0000000080600000, 0x0000000080700000, 0x0000000080700000|100%| O|  |TAMS 0x0000000080700000, 0x0000000080600000| Untracked 
|   7|0x0000000080700000, 0x0000000080800000, 0x0000000080800000|100%| O|  |TAMS 0x0000000080800000, 0x0000000080700000| Untracked 
|   8|0x0000000080800000, 0x0000000080900000, 0x0000000080900000|100%| O|  |TAMS 0x0000000080900000, 0x0000000080800000| Untracked 
|   9|0x0000000080900000, 0x0000000080a00000, 0x0000000080a00000|100%| O|  |TAMS 0x0000000080a00000, 0x0000000080900000| Untracked 
|  10|0x0000000080a00000, 0x0000000080b00000, 0x0000000080b00000|100%| O|  |TAMS 0x0000000080b00000, 0x0000000080a00000| Untracked 
|  11|0x0000000080b00000, 0x0000000080c00000, 0x0000000080c00000|100%| O|  |TAMS 0x0000000080c00000, 0x0000000080b00000| Untracked 
|  12|0x0000000080c00000, 0x0000000080d00000, 0x0000000080d00000|100%| O|  |TAMS 0x0000000080d00000, 0x0000000080c00000| Untracked 
|  13|0x0000000080d00000, 0x0000000080e00000, 0x0000000080e00000|100%| O|  |TAMS 0x0000000080e00000, 0x0000000080d00000| Untracked 
|  14|0x0000000080e00000, 0x0000000080f00000, 0x0000000080f00000|100%| O|  |TAMS 0x0000000080f00000, 0x0000000080e00000| Untracked 
|  15|0x0000000080f00000, 0x0000000081000000, 0x0000000081000000|100%| O|  |TAMS 0x0000000081000000, 0x0000000080f00000| Untracked 
|  16|0x0000000081000000, 0x00000000810a4a00, 0x0000000081100000| 64%| O|  |TAMS 0x00000000810a4a00, 0x0000000081000000| Untracked 
|  17|0x0000000081100000, 0x0000000081100000, 0x0000000081200000|  0%| F|  |TAMS 0x0000000081100000, 0x0000000081100000| Untracked 
|  18|0x0000000081200000, 0x0000000081200000, 0x0000000081300000|  0%| F|  |TAMS 0x0000000081200000, 0x0000000081200000| Untracked 
|  19|0x0000000081300000, 0x0000000081300000, 0x0000000081400000|  0%| F|  |TAMS 0x0000000081300000, 0x0000000081300000| Untracked 
|  20|0x0000000081400000, 0x0000000081400000, 0x0000000081500000|  0%| F|  |TAMS 0x0000000081400000, 0x0000000081400000| Untracked 
|  21|0x0000000081500000, 0x0000000081500000, 0x0000000081600000|  0%| F|  |TAMS 0x0000000081500000, 0x0000000081500000| Untracked 
|  22|0x0000000081600000, 0x0000000081600000, 0x0000000081700000|  0%| F|  |TAMS 0x0000000081600000, 0x0000000081600000| Untracked 
|  23|0x0000000081700000, 0x0000000081700000, 0x0000000081800000|  0%| F|  |TAMS 0x0000000081700000, 0x0000000081700000| Untracked 
|  24|0x0000000081800000, 0x0000000081800000, 0x0000000081900000|  0%| F|  |TAMS 0x0000000081800000, 0x0000000081800000| Untracked 
|  25|0x0000000081900000, 0x0000000081900000, 0x0000000081a00000|  0%| F|  |TAMS 0x0000000081900000, 0x0000000081900000| Untracked 
|  26|0x0000000081a00000, 0x0000000081a00000, 0x0000000081b00000|  0%| F|  |TAMS 0x0000000081a00000, 0x0000000081a00000| Untracked 
|  27|0x0000000081b00000, 0x0000000081b00000, 0x0000000081c00000|  0%| F|  |TAMS 0x0000000081b00000, 0x0000000081b00000| Untracked 
|  28|0x0000000081c00000, 0x0000000081c00000, 0x0000000081d00000|  0%| F|  |TAMS 0x0000000081c00000, 0x0000000081c00000| Untracked 
|  29|0x0000000081d00000, 0x0000000081d00000, 0x0000000081e00000|  0%| F|  |TAMS 0x0000000081d00000, 0x0000000081d00000| Untracked 
|  30|0x0000000081e00000, 0x0000000081e00000, 0x0000000081f00000|  0%| F|  |TAMS 0x0000000081e00000, 0x0000000081e00000| Untracked 
|  31|0x0000000081f00000, 0x0000000081f00000, 0x0000000082000000|  0%| F|  |TAMS 0x0000000081f00000, 0x0000000081f00000| Untracked 
|  32|0x0000000082000000, 0x0000000082000000, 0x0000000082100000|  0%| F|  |TAMS 0x0000000082000000, 0x0000000082000000| Untracked 
|  33|0x0000000082100000, 0x0000000082100000, 0x0000000082200000|  0%| F|  |TAMS 0x0000000082100000, 0x0000000082100000| Untracked 
|  34|0x0000000082200000, 0x0000000082200000, 0x0000000082300000|  0%| F|  |TAMS 0x0000000082200000, 0x0000000082200000| Untracked 
|  35|0x0000000082300000, 0x0000000082300000, 0x0000000082400000|  0%| F|  |TAMS 0x0000000082300000, 0x0000000082300000| Untracked 
|  36|0x0000000082400000, 0x0000000082400000, 0x0000000082500000|  0%| F|  |TAMS 0x0000000082400000, 0x0000000082400000| Untracked 
|  37|0x0000000082500000, 0x0000000082500000, 0x0000000082600000|  0%| F|  |TAMS 0x0000000082500000, 0x0000000082500000| Untracked 
|  38|0x0000000082600000, 0x0000000082600000, 0x0000000082700000|  0%| F|  |TAMS 0x0000000082600000, 0x0000000082600000| Untracked 
|  39|0x0000000082700000, 0x0000000082700000, 0x0000000082800000|  0%| F|  |TAMS 0x0000000082700000, 0x0000000082700000| Untracked 
|  40|0x0000000082800000, 0x0000000082800000, 0x0000000082900000|  0%| F|  |TAMS 0x0000000082800000, 0x0000000082800000| Untracked 
|  41|0x0000000082900000, 0x0000000082900000, 0x0000000082a00000|  0%| F|  |TAMS 0x0000000082900000, 0x0000000082900000| Untracked 
|  42|0x0000000082a00000, 0x0000000082a00000, 0x0000000082b00000|  0%| F|  |TAMS 0x0000000082a00000, 0x0000000082a00000| Untracked 
|  43|0x0000000082b00000, 0x0000000082b00000, 0x0000000082c00000|  0%| F|  |TAMS 0x0000000082b00000, 0x0000000082b00000| Untracked 
|  44|0x0000000082c00000, 0x0000000082c00000, 0x0000000082d00000|  0%| F|  |TAMS 0x0000000082c00000, 0x0000000082c00000| Untracked 
|  45|0x0000000082d00000, 0x0000000082d00000, 0x0000000082e00000|  0%| F|  |TAMS 0x0000000082d00000, 0x0000000082d00000| Untracked 
|  46|0x0000000082e00000, 0x0000000082e00000, 0x0000000082f00000|  0%| F|  |TAMS 0x0000000082e00000, 0x0000000082e00000| Untracked 
|  47|0x0000000082f00000, 0x0000000082f00000, 0x0000000083000000|  0%| F|  |TAMS 0x0000000082f00000, 0x0000000082f00000| Untracked 
|  48|0x0000000083000000, 0x0000000083000000, 0x0000000083100000|  0%| F|  |TAMS 0x0000000083000000, 0x0000000083000000| Untracked 
|  49|0x0000000083100000, 0x0000000083100000, 0x0000000083200000|  0%| F|  |TAMS 0x0000000083100000, 0x0000000083100000| Untracked 
|  50|0x0000000083200000, 0x0000000083200000, 0x0000000083300000|  0%| F|  |TAMS 0x0000000083200000, 0x0000000083200000| Untracked 
|  51|0x0000000083300000, 0x0000000083300000, 0x0000000083400000|  0%| F|  |TAMS 0x0000000083300000, 0x0000000083300000| Untracked 
|  52|0x0000000083400000, 0x0000000083400000, 0x0000000083500000|  0%| F|  |TAMS 0x0000000083400000, 0x0000000083400000| Untracked 
|  53|0x0000000083500000, 0x0000000083500000, 0x0000000083600000|  0%| F|  |TAMS 0x0000000083500000, 0x0000000083500000| Untracked 
|  54|0x0000000083600000, 0x0000000083600000, 0x0000000083700000|  0%| F|  |TAMS 0x0000000083600000, 0x0000000083600000| Untracked 
|  55|0x0000000083700000, 0x0000000083700000, 0x0000000083800000|  0%| F|  |TAMS 0x0000000083700000, 0x0000000083700000| Untracked 
|  56|0x0000000083800000, 0x0000000083800000, 0x0000000083900000|  0%| F|  |TAMS 0x0000000083800000, 0x0000000083800000| Untracked 
|  57|0x0000000083900000, 0x0000000083900000, 0x0000000083a00000|  0%| F|  |TAMS 0x0000000083900000, 0x0000000083900000| Untracked 
|  58|0x0000000083a00000, 0x0000000083a00000, 0x0000000083b00000|  0%| F|  |TAMS 0x0000000083a00000, 0x0000000083a00000| Untracked 
|  59|0x0000000083b00000, 0x0000000083b00000, 0x0000000083c00000|  0%| F|  |TAMS 0x0000000083b00000, 0x0000000083b00000| Untracked 
|  60|0x0000000083c00000, 0x0000000083c00000, 0x0000000083d00000|  0%| F|  |TAMS 0x0000000083c00000, 0x0000000083c00000| Untracked 
|  61|0x0000000083d00000, 0x0000000083d00000, 0x0000000083e00000|  0%| F|  |TAMS 0x0000000083d00000, 0x0000000083d00000| Untracked 
|  62|0x0000000083e00000, 0x0000000083e00000, 0x0000000083f00000|  0%| F|  |TAMS 0x0000000083e00000, 0x0000000083e00000| Untracked 
|  63|0x0000000083f00000, 0x0000000083f00000, 0x0000000084000000|  0%| F|  |TAMS 0x0000000083f00000, 0x0000000083f00000| Untracked 
|  64|0x0000000084000000, 0x0000000084000000, 0x0000000084100000|  0%| F|  |TAMS 0x0000000084000000, 0x0000000084000000| Untracked 
|  65|0x0000000084100000, 0x0000000084100000, 0x0000000084200000|  0%| F|  |TAMS 0x0000000084100000, 0x0000000084100000| Untracked 
|  66|0x0000000084200000, 0x0000000084200000, 0x0000000084300000|  0%| F|  |TAMS 0x0000000084200000, 0x0000000084200000| Untracked 
|  67|0x0000000084300000, 0x0000000084300000, 0x0000000084400000|  0%| F|  |TAMS 0x0000000084300000, 0x0000000084300000| Untracked 
|  68|0x0000000084400000, 0x0000000084400000, 0x0000000084500000|  0%| F|  |TAMS 0x0000000084400000, 0x0000000084400000| Untracked 
|  69|0x0000000084500000, 0x0000000084500000, 0x0000000084600000|  0%| F|  |TAMS 0x0000000084500000, 0x0000000084500000| Untracked 
|  70|0x0000000084600000, 0x0000000084600000, 0x0000000084700000|  0%| F|  |TAMS 0x0000000084600000, 0x0000000084600000| Untracked 
|  71|0x0000000084700000, 0x0000000084700000, 0x0000000084800000|  0%| F|  |TAMS 0x0000000084700000, 0x0000000084700000| Untracked 
|  72|0x0000000084800000, 0x0000000084800000, 0x0000000084900000|  0%| F|  |TAMS 0x0000000084800000, 0x0000000084800000| Untracked 
|  73|0x0000000084900000, 0x0000000084900000, 0x0000000084a00000|  0%| F|  |TAMS 0x0000000084900000, 0x0000000084900000| Untracked 
|  74|0x0000000084a00000, 0x0000000084a00000, 0x0000000084b00000|  0%| F|  |TAMS 0x0000000084a00000, 0x0000000084a00000| Untracked 
|  75|0x0000000084b00000, 0x0000000084b00000, 0x0000000084c00000|  0%| F|  |TAMS 0x0000000084b00000, 0x0000000084b00000| Untracked 
|  76|0x0000000084c00000, 0x0000000084c00000, 0x0000000084d00000|  0%| F|  |TAMS 0x0000000084c00000, 0x0000000084c00000| Untracked 
|  77|0x0000000084d00000, 0x0000000084d00000, 0x0000000084e00000|  0%| F|  |TAMS 0x0000000084d00000, 0x0000000084d00000| Untracked 
|  78|0x0000000084e00000, 0x0000000084e00000, 0x0000000084f00000|  0%| F|  |TAMS 0x0000000084e00000, 0x0000000084e00000| Untracked 
|  79|0x0000000084f00000, 0x0000000084f00000, 0x0000000085000000|  0%| F|  |TAMS 0x0000000084f00000, 0x0000000084f00000| Untracked 
|  80|0x0000000085000000, 0x0000000085000000, 0x0000000085100000|  0%| F|  |TAMS 0x0000000085000000, 0x0000000085000000| Untracked 
|  81|0x0000000085100000, 0x0000000085100000, 0x0000000085200000|  0%| F|  |TAMS 0x0000000085100000, 0x0000000085100000| Untracked 
|  82|0x0000000085200000, 0x0000000085200000, 0x0000000085300000|  0%| F|  |TAMS 0x0000000085200000, 0x0000000085200000| Untracked 
|  83|0x0000000085300000, 0x0000000085300000, 0x0000000085400000|  0%| F|  |TAMS 0x0000000085300000, 0x0000000085300000| Untracked 
|  84|0x0000000085400000, 0x0000000085400000, 0x0000000085500000|  0%| F|  |TAMS 0x0000000085400000, 0x0000000085400000| Untracked 
|  85|0x0000000085500000, 0x0000000085500000, 0x0000000085600000|  0%| F|  |TAMS 0x0000000085500000, 0x0000000085500000| Untracked 
|  86|0x0000000085600000, 0x0000000085600000, 0x0000000085700000|  0%| F|  |TAMS 0x0000000085600000, 0x0000000085600000| Untracked 
|  87|0x0000000085700000, 0x0000000085700000, 0x0000000085800000|  0%| F|  |TAMS 0x0000000085700000, 0x0000000085700000| Untracked 
|  88|0x0000000085800000, 0x0000000085800000, 0x0000000085900000|  0%| F|  |TAMS 0x0000000085800000, 0x0000000085800000| Untracked 
|  89|0x0000000085900000, 0x0000000085900000, 0x0000000085a00000|  0%| F|  |TAMS 0x0000000085900000, 0x0000000085900000| Untracked 
|  90|0x0000000085a00000, 0x0000000085a00000, 0x0000000085b00000|  0%| F|  |TAMS 0x0000000085a00000, 0x0000000085a00000| Untracked 
|  91|0x0000000085b00000, 0x0000000085b00000, 0x0000000085c00000|  0%| F|  |TAMS 0x0000000085b00000, 0x0000000085b00000| Untracked 
|  92|0x0000000085c00000, 0x0000000085c00000, 0x0000000085d00000|  0%| F|  |TAMS 0x0000000085c00000, 0x0000000085c00000| Untracked 
|  93|0x0000000085d00000, 0x0000000085d00000, 0x0000000085e00000|  0%| F|  |TAMS 0x0000000085d00000, 0x0000000085d00000| Untracked 
|  94|0x0000000085e00000, 0x0000000085e00000, 0x0000000085f00000|  0%| F|  |TAMS 0x0000000085e00000, 0x0000000085e00000| Untracked 
|  95|0x0000000085f00000, 0x0000000085f00000, 0x0000000086000000|  0%| F|  |TAMS 0x0000000085f00000, 0x0000000085f00000| Untracked 
|  96|0x0000000086000000, 0x0000000086000000, 0x0000000086100000|  0%| F|  |TAMS 0x0000000086000000, 0x0000000086000000| Untracked 
|  97|0x0000000086100000, 0x0000000086100000, 0x0000000086200000|  0%| F|  |TAMS 0x0000000086100000, 0x0000000086100000| Untracked 
|  98|0x0000000086200000, 0x0000000086200000, 0x0000000086300000|  0%| F|  |TAMS 0x0000000086200000, 0x0000000086200000| Untracked 
|  99|0x0000000086300000, 0x0000000086300000, 0x0000000086400000|  0%| F|  |TAMS 0x0000000086300000, 0x0000000086300000| Untracked 
| 100|0x0000000086400000, 0x0000000086483870, 0x0000000086500000| 51%| E|  |TAMS 0x0000000086400000, 0x0000000086400000| Complete 
| 101|0x0000000086500000, 0x0000000086600000, 0x0000000086600000|100%| E|CS|TAMS 0x0000000086500000, 0x0000000086500000| Complete 
| 102|0x0000000086600000, 0x0000000086700000, 0x0000000086700000|100%| E|CS|TAMS 0x0000000086600000, 0x0000000086600000| Complete 
| 103|0x0000000086700000, 0x0000000086800000, 0x0000000086800000|100%| E|CS|TAMS 0x0000000086700000, 0x0000000086700000| Complete 
| 104|0x0000000086800000, 0x0000000086900000, 0x0000000086900000|100%| E|CS|TAMS 0x0000000086800000, 0x0000000086800000| Complete 
| 105|0x0000000086900000, 0x0000000086a00000, 0x0000000086a00000|100%| E|CS|TAMS 0x0000000086900000, 0x0000000086900000| Complete 
| 106|0x0000000086a00000, 0x0000000086b00000, 0x0000000086b00000|100%| E|CS|TAMS 0x0000000086a00000, 0x0000000086a00000| Complete 
| 107|0x0000000086b00000, 0x0000000086c00000, 0x0000000086c00000|100%| E|CS|TAMS 0x0000000086b00000, 0x0000000086b00000| Complete 
| 108|0x0000000086c00000, 0x0000000086d00000, 0x0000000086d00000|100%| E|CS|TAMS 0x0000000086c00000, 0x0000000086c00000| Complete 
| 109|0x0000000086d00000, 0x0000000086e00000, 0x0000000086e00000|100%| E|CS|TAMS 0x0000000086d00000, 0x0000000086d00000| Complete 
| 110|0x0000000086e00000, 0x0000000086f00000, 0x0000000086f00000|100%| E|CS|TAMS 0x0000000086e00000, 0x0000000086e00000| Complete 
| 111|0x0000000086f00000, 0x0000000087000000, 0x0000000087000000|100%| E|CS|TAMS 0x0000000086f00000, 0x0000000086f00000| Complete 
| 112|0x0000000087000000, 0x0000000087100000, 0x0000000087100000|100%| E|CS|TAMS 0x0000000087000000, 0x0000000087000000| Complete 
| 113|0x0000000087100000, 0x0000000087200000, 0x0000000087200000|100%| E|CS|TAMS 0x0000000087100000, 0x0000000087100000| Complete 
| 114|0x0000000087200000, 0x0000000087300000, 0x0000000087300000|100%| E|CS|TAMS 0x0000000087200000, 0x0000000087200000| Complete 
| 115|0x0000000087300000, 0x0000000087400000, 0x0000000087400000|100%| E|CS|TAMS 0x0000000087300000, 0x0000000087300000| Complete 
| 116|0x0000000087400000, 0x0000000087500000, 0x0000000087500000|100%| E|CS|TAMS 0x0000000087400000, 0x0000000087400000| Complete 
| 117|0x0000000087500000, 0x0000000087600000, 0x0000000087600000|100%| E|CS|TAMS 0x0000000087500000, 0x0000000087500000| Complete 
| 118|0x0000000087600000, 0x0000000087700000, 0x0000000087700000|100%| E|CS|TAMS 0x0000000087600000, 0x0000000087600000| Complete 
| 119|0x0000000087700000, 0x0000000087800000, 0x0000000087800000|100%| E|CS|TAMS 0x0000000087700000, 0x0000000087700000| Complete 
| 120|0x0000000087800000, 0x0000000087900000, 0x0000000087900000|100%| E|CS|TAMS 0x0000000087800000, 0x0000000087800000| Complete 
| 121|0x0000000087900000, 0x00000000879b2340, 0x0000000087a00000| 69%| S|CS|TAMS 0x0000000087900000, 0x0000000087900000| Complete 
| 122|0x0000000087a00000, 0x0000000087b00000, 0x0000000087b00000|100%| E|CS|TAMS 0x0000000087a00000, 0x0000000087a00000| Complete 
| 123|0x0000000087b00000, 0x0000000087c00000, 0x0000000087c00000|100%| E|CS|TAMS 0x0000000087b00000, 0x0000000087b00000| Complete 
| 124|0x0000000087c00000, 0x0000000087d00000, 0x0000000087d00000|100%| E|CS|TAMS 0x0000000087c00000, 0x0000000087c00000| Complete 
| 125|0x0000000087d00000, 0x0000000087e00000, 0x0000000087e00000|100%| E|CS|TAMS 0x0000000087d00000, 0x0000000087d00000| Complete 
| 126|0x0000000087e00000, 0x0000000087f00000, 0x0000000087f00000|100%| E|CS|TAMS 0x0000000087e00000, 0x0000000087e00000| Complete 
| 127|0x0000000087f00000, 0x0000000088000000, 0x0000000088000000|100%| E|CS|TAMS 0x0000000087f00000, 0x0000000087f00000| Complete 

Card table byte_map: [0x000001a4301a0000,0x000001a4305a0000] _byte_map_base: 0x000001a42fda0000

Marking Bits (Prev, Next): (CMBitMap*) 0x000001a41d13a4f0, (CMBitMap*) 0x000001a41d13a4b8
 Prev Bits: [0x000001a4329a0000, 0x000001a4349a0000)
 Next Bits: [0x000001a4309a0000, 0x000001a4329a0000)

Polling page: 0x000001a41b0c0000

Metaspace:

Usage:
  Non-class:     20.92 MB capacity,    20.44 MB ( 98%) used,   448.61 KB (  2%) free+waste,    43.38 KB ( <1%) overhead. 
      Class:      3.09 MB capacity,     2.90 MB ( 94%) used,   171.97 KB (  5%) free+waste,    21.38 KB ( <1%) overhead. 
       Both:     24.02 MB capacity,    23.35 MB ( 97%) used,   620.58 KB (  3%) free+waste,    64.75 KB ( <1%) overhead. 

Virtual space:
  Non-class space:       22.00 MB reserved,      21.17 MB ( 96%) committed 
      Class space:        1.00 GB reserved,       3.13 MB ( <1%) committed 
             Both:        1.02 GB reserved,      24.30 MB (  2%) committed 

Chunk freelists:
   Non-Class:  61.00 KB
       Class:  2.00 KB
        Both:  63.00 KB

MaxMetaspaceSize: 17179869184.00 GB
CompressedClassSpaceSize: 1.00 GB

CodeHeap 'non-profiled nmethods': size=120000Kb used=826Kb max_used=826Kb free=119173Kb
 bounds [0x000001a428540000, 0x000001a4287b0000, 0x000001a42fa70000]
CodeHeap 'profiled nmethods': size=120000Kb used=4246Kb max_used=4246Kb free=115753Kb
 bounds [0x000001a421010000, 0x000001a421440000, 0x000001a428540000]
CodeHeap 'non-nmethods': size=5760Kb used=1141Kb max_used=1162Kb free=4618Kb
 bounds [0x000001a420a70000, 0x000001a420ce0000, 0x000001a421010000]
 total_blobs=2526 nmethods=2049 adapters=388
 compilation: enabled
              stopped_count=0, restarted_count=0
 full_count=0

Compilation events (20 events):
Event: 2.402 Thread 0x000001a437c53000 2032       3       jdk.internal.org.objectweb.asm.MethodWriter::visitMaxs (1144 bytes)
Event: 2.405 Thread 0x000001a437c53000 nmethod 2032 0x000001a421424b90 code [0x000001a4214250a0, 0x000001a4214279c8]
Event: 2.405 Thread 0x000001a437c53000 2029       3       org.objectweb.asm.SymbolTable::get (13 bytes)
Event: 2.405 Thread 0x000001a437c53000 nmethod 2029 0x000001a421429310 code [0x000001a4214294c0, 0x000001a421429618]
Event: 2.405 Thread 0x000001a437c53000 2031       3       java.lang.invoke.MemberName::isCallerSensitive (7 bytes)
Event: 2.405 Thread 0x000001a437c53000 nmethod 2031 0x000001a421429710 code [0x000001a4214298c0, 0x000001a421429af8]
Event: 2.405 Thread 0x000001a437c53000 2033       3       jdk.internal.org.objectweb.asm.MethodWriter::visitEnd (1 bytes)
Event: 2.405 Thread 0x000001a437c53000 nmethod 2033 0x000001a421429c10 code [0x000001a421429dc0, 0x000001a421429eb8]
Event: 2.405 Thread 0x000001a437c53000 2034       1       java.lang.invoke.MethodHandleNatives::isPullModeBSM (2 bytes)
Event: 2.405 Thread 0x000001a437c53000 nmethod 2034 0x000001a428609490 code [0x000001a428609640, 0x000001a4286096d8]
Event: 2.408 Thread 0x000001a437c53000 2035       3       org.objectweb.asm.ByteVector::putShort (52 bytes)
Event: 2.408 Thread 0x000001a437c53000 nmethod 2035 0x000001a421429f90 code [0x000001a42142a160, 0x000001a42142a368]
Event: 2.410 Thread 0x000001a437c53000 2036       3       java.util.concurrent.locks.ReentrantLock$Sync::tryRelease (45 bytes)
Event: 2.410 Thread 0x000001a437c53000 nmethod 2036 0x000001a42142a490 code [0x000001a42142a660, 0x000001a42142a948]
Event: 2.410 Thread 0x000001a437c53000 2037       3       java.util.concurrent.locks.ReentrantLock$Sync::nonfairTryAcquire (67 bytes)
Event: 2.411 Thread 0x000001a437c53000 nmethod 2037 0x000001a42142aa10 code [0x000001a42142ac60, 0x000001a42142b548]
Event: 2.413 Thread 0x000001a437c53000 2038       3       java.lang.invoke.MethodHandleNatives::isCallerSensitive (29 bytes)
Event: 2.414 Thread 0x000001a437c53000 nmethod 2038 0x000001a42142b890 code [0x000001a42142ba80, 0x000001a42142bfe8]
Event: 2.414 Thread 0x000001a437c53000 2039       3       java.lang.invoke.MethodHandleNatives::canBeCalledVirtual (93 bytes)
Event: 2.414 Thread 0x000001a437c53000 nmethod 2039 0x000001a42142c190 code [0x000001a42142c3a0, 0x000001a42142c918]

GC Heap History (6 events):
Event: 0.623 GC heap before
{Heap before GC invocations=0 (full 0):
 garbage-first heap   total 131072K, used 29696K [0x0000000080000000, 0x0000000100000000)
  region size 1024K, 24 young (24576K), 0 survivors (0K)
 Metaspace       used 10807K, capacity 11127K, committed 11264K, reserved 1058816K
  class space    used 1145K, capacity 1201K, committed 1280K, reserved 1048576K
}
Event: 0.626 GC heap after
{Heap after GC invocations=1 (full 0):
 garbage-first heap   total 131072K, used 8431K [0x0000000080000000, 0x0000000100000000)
  region size 1024K, 3 young (3072K), 3 survivors (3072K)
 Metaspace       used 10807K, capacity 11127K, committed 11264K, reserved 1058816K
  class space    used 1145K, capacity 1201K, committed 1280K, reserved 1048576K
}
Event: 2.076 GC heap before
{Heap before GC invocations=1 (full 0):
 garbage-first heap   total 131072K, used 82159K [0x0000000080000000, 0x0000000100000000)
  region size 1024K, 76 young (77824K), 3 survivors (3072K)
 Metaspace       used 19389K, capacity 19868K, committed 19968K, reserved 1067008K
  class space    used 2351K, capacity 2481K, committed 2560K, reserved 1048576K
}
Event: 2.082 GC heap after
{Heap after GC invocations=2 (full 0):
 garbage-first heap   total 131072K, used 15924K [0x0000000080000000, 0x0000000100000000)
  region size 1024K, 10 young (10240K), 10 survivors (10240K)
 Metaspace       used 19389K, capacity 19868K, committed 19968K, reserved 1067008K
  class space    used 2351K, capacity 2481K, committed 2560K, reserved 1048576K
}
Event: 2.140 GC heap before
{Heap before GC invocations=2 (full 0):
 garbage-first heap   total 131072K, used 21044K [0x0000000080000000, 0x0000000100000000)
  region size 1024K, 16 young (16384K), 10 survivors (10240K)
 Metaspace       used 20609K, capacity 21163K, committed 21296K, reserved 1069056K
  class space    used 2429K, capacity 2613K, committed 2688K, reserved 1048576K
}
Event: 2.147 GC heap after
{Heap after GC invocations=3 (full 0):
 garbage-first heap   total 131072K, used 16731K [0x0000000080000000, 0x0000000100000000)
  region size 1024K, 1 young (1024K), 1 survivors (1024K)
 Metaspace       used 20609K, capacity 21163K, committed 21296K, reserved 1069056K
  class space    used 2429K, capacity 2613K, committed 2688K, reserved 1048576K
}

Deoptimization events (20 events):
Event: 2.263 Thread 0x000001a439d3a000 Uncommon trap: trap_request=0xffffff4d fr.pc=0x000001a42859fbd4 relative=0x0000000000000094
Event: 2.263 Thread 0x000001a439d3a000 Uncommon trap: reason=unstable_if action=reinterpret pc=0x000001a42859fbd4 method=java.util.LinkedHashMap.afterNodeInsertion(Z)V @ 1 c2
Event: 2.263 Thread 0x000001a439d3a000 DEOPT PACKING pc=0x000001a42859fbd4 sp=0x00000089eddfc4c0
Event: 2.263 Thread 0x000001a439d3a000 DEOPT UNPACKING pc=0x000001a420a974af sp=0x00000089eddfc440 mode 2
Event: 2.263 Thread 0x000001a439d3a000 Uncommon trap: trap_request=0xffffff4d fr.pc=0x000001a42858e8e4 relative=0x00000000000001a4
Event: 2.263 Thread 0x000001a439d3a000 Uncommon trap: reason=unstable_if action=reinterpret pc=0x000001a42858e8e4 method=java.util.HashMap.getNode(ILjava/lang/Object;)Ljava/util/HashMap$Node; @ 129 c2
Event: 2.263 Thread 0x000001a439d3a000 DEOPT PACKING pc=0x000001a42858e8e4 sp=0x00000089eddfa540
Event: 2.263 Thread 0x000001a439d3a000 DEOPT UNPACKING pc=0x000001a420a974af sp=0x00000089eddfa440 mode 2
Event: 2.263 Thread 0x000001a439d3a000 Uncommon trap: trap_request=0xffffffc6 fr.pc=0x000001a4285ece34 relative=0x0000000000000e54
Event: 2.263 Thread 0x000001a439d3a000 Uncommon trap: reason=bimorphic_or_optimized_type_check action=maybe_recompile pc=0x000001a4285ece34 method=java.util.HashMap.putVal(ILjava/lang/Object;Ljava/lang/Object;ZZ)Ljava/lang/Object; @ 203 c2
Event: 2.263 Thread 0x000001a439d3a000 DEOPT PACKING pc=0x000001a4285ece34 sp=0x00000089eddfa4c0
Event: 2.263 Thread 0x000001a439d3a000 DEOPT UNPACKING pc=0x000001a420a974af sp=0x00000089eddfa410 mode 2
Event: 2.265 Thread 0x000001a439d3a000 Uncommon trap: trap_request=0xffffff4d fr.pc=0x000001a428587334 relative=0x00000000000001f4
Event: 2.265 Thread 0x000001a439d3a000 Uncommon trap: reason=unstable_if action=reinterpret pc=0x000001a428587334 method=java.util.HashMap.getNode(ILjava/lang/Object;)Ljava/util/HashMap$Node; @ 129 c2
Event: 2.265 Thread 0x000001a439d3a000 DEOPT PACKING pc=0x000001a428587334 sp=0x00000089eddfc120
Event: 2.265 Thread 0x000001a439d3a000 DEOPT UNPACKING pc=0x000001a420a974af sp=0x00000089eddfc090 mode 2
Event: 2.265 Thread 0x000001a439d3a000 Uncommon trap: trap_request=0xffffffc6 fr.pc=0x000001a4285ece34 relative=0x0000000000000e54
Event: 2.265 Thread 0x000001a439d3a000 Uncommon trap: reason=bimorphic_or_optimized_type_check action=maybe_recompile pc=0x000001a4285ece34 method=java.util.HashMap.putVal(ILjava/lang/Object;Ljava/lang/Object;ZZ)Ljava/lang/Object; @ 203 c2
Event: 2.265 Thread 0x000001a439d3a000 DEOPT PACKING pc=0x000001a4285ece34 sp=0x00000089eddfc110
Event: 2.265 Thread 0x000001a439d3a000 DEOPT UNPACKING pc=0x000001a420a974af sp=0x00000089eddfc060 mode 2

Classes redefined (0 events):
No events

Internal exceptions (20 events):
Event: 1.835 Thread 0x000001a438fa6000 Exception <a 'java/lang/NoSuchMethodError'{0x000000008484d690}: <clinit>> (0x000000008484d690) thrown at [./src/hotspot/share/prims/jni.cpp, line 1362]
Event: 1.838 Thread 0x000001a438fa6000 Exception <a 'java/lang/NoSuchMethodError'{0x00000000848741a0}: <clinit>> (0x00000000848741a0) thrown at [./src/hotspot/share/prims/jni.cpp, line 1362]
Event: 1.839 Thread 0x000001a438fa6000 Exception <a 'java/lang/NoSuchMethodError'{0x000000008488bf80}: <clinit>> (0x000000008488bf80) thrown at [./src/hotspot/share/prims/jni.cpp, line 1362]
Event: 1.840 Thread 0x000001a438fa6000 Exception <a 'java/lang/NoSuchMethodError'{0x0000000084895948}: <clinit>> (0x0000000084895948) thrown at [./src/hotspot/share/prims/jni.cpp, line 1362]
Event: 1.841 Thread 0x000001a438fa6000 Exception <a 'java/lang/NoSuchMethodError'{0x00000000848ab328}: <clinit>> (0x00000000848ab328) thrown at [./src/hotspot/share/prims/jni.cpp, line 1362]
Event: 1.852 Thread 0x000001a438fa6000 Exception <a 'java/lang/NoSuchMethodError'{0x0000000084709250}: <clinit>> (0x0000000084709250) thrown at [./src/hotspot/share/prims/jni.cpp, line 1362]
Event: 1.855 Thread 0x000001a438fa6000 Exception <a 'java/lang/NoSuchMethodError'{0x0000000084738338}: <clinit>> (0x0000000084738338) thrown at [./src/hotspot/share/prims/jni.cpp, line 1362]
Event: 1.858 Thread 0x000001a438fa6000 Exception <a 'java/lang/NoSuchMethodError'{0x0000000084760d98}: <clinit>> (0x0000000084760d98) thrown at [./src/hotspot/share/prims/jni.cpp, line 1362]
Event: 1.858 Thread 0x000001a438fa6000 Exception <a 'java/lang/NoSuchMethodError'{0x000000008476c030}: <clinit>> (0x000000008476c030) thrown at [./src/hotspot/share/prims/jni.cpp, line 1362]
Event: 1.900 Thread 0x000001a439d3a000 Exception <a 'java/lang/NoSuchMethodError'{0x000000008444e008}: 'void java.lang.invoke.DelegatingMethodHandle$Holder.reinvoke_L(java.lang.Object, java.lang.Object, java.lang.Object, java.lang.Object)'> (0x000000008444e008) thrown at [./src/hotspot/share/interpreter/linkResolver.cpp, line 773]
Event: 1.905 Thread 0x000001a439d3a000 Exception <a 'java/lang/NoSuchMethodError'{0x0000000084488170}: 'long java.lang.invoke.DirectMethodHandle$Holder.invokeInterface(java.lang.Object, java.lang.Object)'> (0x0000000084488170) thrown at [./src/hotspot/share/interpreter/linkResolver.cpp, line 773]
Event: 1.907 Thread 0x000001a439d3a000 Exception <a 'java/lang/NoSuchMethodError'{0x00000000844a78a8}: 'void java.lang.invoke.DelegatingMethodHandle$Holder.reinvoke_L(java.lang.Object, java.lang.Object, java.lang.Object, java.lang.Object, java.lang.Object, java.lang.Object, java.lang.Object)'> (0x00000000844a78a8) thrown at [./src/hotspot/share/interpreter/linkResolver.cpp, line 773]
Event: 1.976 Thread 0x000001a439d3a000 Exception <a 'java/lang/NoSuchMethodError'{0x0000000083c3b8a8}: 'java.lang.Object java.lang.invoke.DirectMethodHandle$Holder.invokeVirtual(java.lang.Object, java.lang.Object, java.lang.Object)'> (0x0000000083c3b8a8) thrown at [./src/hotspot/share/interpreter/linkResolver.cpp, line 773]
Event: 2.054 Thread 0x000001a439d3a000 Exception <a 'java/lang/NoSuchMethodError'{0x00000000836eb760}: 'void java.lang.invoke.DirectMethodHandle$Holder.invokeStaticInit(java.lang.Object)'> (0x00000000836eb760) thrown at [./src/hotspot/share/interpreter/linkResolver.cpp, line 773]
Event: 2.163 Thread 0x000001a439d3a000 Exception <a 'java/lang/NoSuchMethodError'{0x0000000087fdbc18}: 'int java.lang.invoke.DirectMethodHandle$Holder.invokeSpecialIFC(java.lang.Object, java.lang.Object, java.lang.Object, java.lang.Object)'> (0x0000000087fdbc18) thrown at [./src/hotspot/share/interpreter/linkResolver.cpp, line 773]
Event: 2.166 Thread 0x000001a439d3a000 Exception <a 'java/lang/NoSuchMethodError'{0x0000000087fe9730}: 'java.lang.Object java.lang.invoke.DirectMethodHandle$Holder.invokeInterface(java.lang.Object, java.lang.Object, java.lang.Object)'> (0x0000000087fe9730) thrown at [./src/hotspot/share/interpreter/linkResolver.cpp, line 773]
Event: 2.166 Thread 0x000001a439d3a000 Exception <a 'java/lang/IncompatibleClassChangeError'{0x0000000087fec960}: Found class java.lang.Object, but interface was expected> (0x0000000087fec960) thrown at [./src/hotspot/share/interpreter/linkResolver.cpp, line 839]
Event: 2.173 Thread 0x000001a439d3a000 Exception <a 'java/lang/NoSuchMethodError'{0x0000000087e6e458}: 'void java.lang.invoke.DirectMethodHandle$Holder.invokeSpecial(java.lang.Object, java.lang.Object, java.lang.Object, java.lang.Object)'> (0x0000000087e6e458) thrown at [./src/hotspot/share/interpreter/linkResolver.cpp, line 773]
Event: 2.246 Thread 0x000001a439d3a000 Exception <a 'java/lang/NoSuchMethodError'{0x00000000873a47d0}: 'java.lang.Object java.lang.invoke.DirectMethodHandle$Holder.invokeVirtual(java.lang.Object, java.lang.Object, java.lang.Object, java.lang.Object)'> (0x00000000873a47d0) thrown at [./src/hotspot/share/interpreter/linkResolver.cpp, line 773]
Event: 2.399 Thread 0x000001a439d3a000 Exception <a 'java/lang/NoSuchMethodError'{0x000000008661e030}: 'void java.lang.invoke.DirectMethodHandle$Holder.invokeSpecial(java.lang.Object, java.lang.Object, java.lang.Object, java.lang.Object, java.lang.Object, java.lang.Object)'> (0x000000008661e030) thrown at [./src/hotspot/share/interpreter/linkResolver.cpp, line 773]

Events (20 events):
Event: 2.415 loading class org/gradle/internal/instantiation/generator/ClassGenerator$GeneratedConstructor
Event: 2.415 loading class org/gradle/internal/instantiation/generator/ClassGenerator$GeneratedConstructor done
Event: 2.415 loading class org/gradle/internal/instantiation/generator/AsmBackedClassGenerator$InvokeConstructorStrategy
Event: 2.415 loading class org/gradle/internal/instantiation/generator/AsmBackedClassGenerator$InvokeConstructorStrategy done
Event: 2.415 loading class org/gradle/internal/instantiation/generator/AsmBackedClassGenerator$ObjectCreationDetails
Event: 2.415 loading class org/gradle/internal/instantiation/generator/AsmBackedClassGenerator$ObjectCreationDetails done
Event: 2.416 loading class org/gradle/internal/ImmutableActionSet
Event: 2.416 loading class org/gradle/internal/ImmutableActionSet done
Event: 2.416 loading class org/gradle/internal/ImmutableActionSet$EmptySet
Event: 2.416 loading class org/gradle/internal/ImmutableActionSet$EmptySet done
Event: 2.416 loading class org/gradle/internal/ImmutableActionSet$SingletonSet
Event: 2.416 loading class org/gradle/internal/ImmutableActionSet$SingletonSet done
Event: 2.416 loading class org/gradle/internal/ImmutableActionSet$SetWithFewActions
Event: 2.416 loading class org/gradle/internal/ImmutableActionSet$SetWithFewActions done
Event: 2.417 loading class org/gradle/internal/ImmutableActionSet$SetWithManyActions
Event: 2.417 loading class org/gradle/internal/ImmutableActionSet$SetWithManyActions done
Event: 2.417 loading class org/gradle/plugin/management/internal/DefaultPluginResolutionStrategy$1
Event: 2.417 loading class org/gradle/plugin/management/internal/DefaultPluginResolutionStrategy$1 done
Event: 2.417 loading class org/gradle/plugin/use/internal/DefaultPluginRequestApplicator
Event: 2.417 loading class org/gradle/plugin/use/internal/DefaultPluginRequestApplicator done


Dynamic libraries:
0x00007ff6c5310000 - 0x00007ff6c531a000 	F:\Android\Android Studio\jre\bin\java.exe
0x00007fff25cd0000 - 0x00007fff25ebd000 	C:\Windows\SYSTEM32\ntdll.dll
0x00007fff25be0000 - 0x00007fff25c93000 	C:\Windows\System32\KERNEL32.DLL
0x00007fff22b30000 - 0x00007fff22dc5000 	C:\Windows\System32\KERNELBASE.dll
0x00007fff21f90000 - 0x00007fff2208a000 	C:\Windows\System32\ucrtbase.dll
0x00007fff1c0e0000 - 0x00007fff1c0f9000 	F:\Android\Android Studio\jre\bin\jli.dll
0x00007fff23260000 - 0x00007fff233f8000 	C:\Windows\System32\USER32.dll
0x00007fff227e0000 - 0x00007fff22800000 	C:\Windows\System32\win32u.dll
0x00007fff23cd0000 - 0x00007fff23cf9000 	C:\Windows\System32\GDI32.dll
0x00007fff22800000 - 0x00007fff2299c000 	C:\Windows\System32\gdi32full.dll
0x00007fff22e60000 - 0x00007fff22f00000 	C:\Windows\System32\msvcp_win.dll
0x00007fff1a710000 - 0x00007fff1a727000 	F:\Android\Android Studio\jre\bin\VCRUNTIME140.dll
0x00007fff0c1b0000 - 0x00007fff0c429000 	C:\Windows\WinSxS\amd64_microsoft.windows.common-controls_6595b64144ccf1df_6.0.17763.2061_none_de73cf545348ec45\COMCTL32.dll
0x00007fff25b40000 - 0x00007fff25bde000 	C:\Windows\System32\msvcrt.dll
0x00007fff23520000 - 0x00007fff2384d000 	C:\Windows\System32\combase.dll
0x00007fff22f00000 - 0x00007fff2301f000 	C:\Windows\System32\RPCRT4.dll
0x00007fff22dd0000 - 0x00007fff22e52000 	C:\Windows\System32\bcryptPrimitives.dll
0x00007fff23f50000 - 0x00007fff23f7e000 	C:\Windows\System32\IMM32.DLL
0x00007fff10360000 - 0x00007fff103fd000 	F:\Android\Android Studio\jre\bin\msvcp140.dll
0x00007ffed3da0000 - 0x00007ffed485c000 	F:\Android\Android Studio\jre\bin\server\jvm.dll
0x00007fff23920000 - 0x00007fff239c4000 	C:\Windows\System32\ADVAPI32.dll
0x00007fff23150000 - 0x00007fff231ee000 	C:\Windows\System32\sechost.dll
0x00007fff23250000 - 0x00007fff23258000 	C:\Windows\System32\PSAPI.DLL
0x00007fff1e5d0000 - 0x00007fff1e5d9000 	C:\Windows\SYSTEM32\WSOCK32.dll
0x00007fff23fa0000 - 0x00007fff2400d000 	C:\Windows\System32\WS2_32.dll
0x00007fff1fdf0000 - 0x00007fff1fe14000 	C:\Windows\SYSTEM32\WINMM.dll
0x00007fff1c820000 - 0x00007fff1c82a000 	C:\Windows\SYSTEM32\VERSION.dll
0x00007fff1fdc0000 - 0x00007fff1fded000 	C:\Windows\SYSTEM32\WINMMBASE.dll
0x00007fff22ae0000 - 0x00007fff22b2a000 	C:\Windows\System32\cfgmgr32.dll
0x00007fff21cb0000 - 0x00007fff21cc1000 	C:\Windows\System32\kernel.appcore.dll
0x00007fff1c630000 - 0x00007fff1c641000 	F:\Android\Android Studio\jre\bin\verify.dll
0x00007fff0eff0000 - 0x00007fff0f1dd000 	C:\Windows\SYSTEM32\DBGHELP.DLL
0x00007fff0ef40000 - 0x00007fff0ef6a000 	C:\Windows\SYSTEM32\dbgcore.DLL
0x00007fff1c5c0000 - 0x00007fff1c5e9000 	F:\Android\Android Studio\jre\bin\java.dll
0x00007fff1d490000 - 0x00007fff1d49b000 	F:\Android\Android Studio\jre\bin\jimage.dll
0x00007fff1c3f0000 - 0x00007fff1c408000 	F:\Android\Android Studio\jre\bin\zip.dll
0x00007fff24490000 - 0x00007fff25989000 	C:\Windows\System32\SHELL32.dll
0x00007fff23bb0000 - 0x00007fff23c58000 	C:\Windows\System32\shcore.dll
0x00007fff22090000 - 0x00007fff227db000 	C:\Windows\System32\windows.storage.dll
0x00007fff21d30000 - 0x00007fff21d54000 	C:\Windows\System32\profapi.dll
0x00007fff21cd0000 - 0x00007fff21d2d000 	C:\Windows\System32\powrprof.dll
0x00007fff231f0000 - 0x00007fff23242000 	C:\Windows\System32\shlwapi.dll
0x00007fff21d80000 - 0x00007fff21d97000 	C:\Windows\System32\cryptsp.dll
0x00007fff1c3d0000 - 0x00007fff1c3ea000 	F:\Android\Android Studio\jre\bin\net.dll
0x00007fff1c940000 - 0x00007fff1ca31000 	C:\Windows\SYSTEM32\WINHTTP.dll
0x00007fff21480000 - 0x00007fff214e7000 	C:\Windows\system32\mswsock.dll
0x00007fff1c0c0000 - 0x00007fff1c0d4000 	F:\Android\Android Studio\jre\bin\nio.dll
0x00007fff15140000 - 0x00007fff15167000 	C:\Users\Clement\.gradle\native\f6784746aeab05261644944871eae4fe03e0ef1612fff0a4a95f87b438bc6780\windows-amd64\native-platform.dll
0x00007fff1d460000 - 0x00007fff1d46a000 	F:\Android\Android Studio\jre\bin\management.dll
0x00007fff1cbc0000 - 0x00007fff1cbcc000 	F:\Android\Android Studio\jre\bin\management_ext.dll
0x00007fff21010000 - 0x00007fff21043000 	C:\Windows\system32\rsaenh.dll
0x00007fff22ab0000 - 0x00007fff22ad6000 	C:\Windows\System32\bcrypt.dll
0x00007fff21bb0000 - 0x00007fff21bd9000 	C:\Windows\SYSTEM32\USERENV.dll
0x00007fff21aa0000 - 0x00007fff21aac000 	C:\Windows\SYSTEM32\CRYPTBASE.dll
0x00007fff211a0000 - 0x00007fff211dd000 	C:\Windows\SYSTEM32\IPHLPAPI.DLL
0x00007fff23510000 - 0x00007fff23518000 	C:\Windows\System32\NSI.dll
0x00007fff19520000 - 0x00007fff19536000 	C:\Windows\SYSTEM32\dhcpcsvc6.DLL
0x00007fff19e60000 - 0x00007fff19e7c000 	C:\Windows\SYSTEM32\dhcpcsvc.DLL
0x00007fff211f0000 - 0x00007fff212b6000 	C:\Windows\SYSTEM32\DNSAPI.dll
0x00007fff1a2c0000 - 0x00007fff1a2cb000 	C:\Windows\SYSTEM32\WINNSI.DLL

dbghelp: loaded successfully - version: 4.0.5 - missing functions: none
symbol engine: initialized successfully - sym options: 0x614 - pdb path: .;F:\Android\Android Studio\jre\bin;C:\Windows\SYSTEM32;C:\Windows\WinSxS\amd64_microsoft.windows.common-controls_6595b64144ccf1df_6.0.17763.2061_none_de73cf545348ec45;F:\Android\Android Studio\jre\bin\server;C:\Users\Clement\.gradle\native\f6784746aeab05261644944871eae4fe03e0ef1612fff0a4a95f87b438bc6780\windows-amd64

VM Arguments:
jvm_args: --add-opens=java.base/java.util=ALL-UNNAMED --add-opens=java.base/java.lang=ALL-UNNAMED --add-opens=java.base/java.lang.invoke=ALL-UNNAMED --add-opens=java.prefs/java.util.prefs=ALL-UNNAMED -Xmx2048m -Dfile.encoding=UTF-8 -Duser.country=RU -Duser.language=ru -Duser.variant 
java_command: org.gradle.launcher.daemon.bootstrap.GradleDaemon 6.5
java_class_path (initial): C:\Users\Clement\.gradle\wrapper\dists\gradle-6.5-bin\6nifqtx7604sqp1q6g8wikw7p\gradle-6.5\lib\gradle-launcher-6.5.jar
Launcher Type: SUN_STANDARD

[Global flags]
     intx CICompilerCount                          = 4                                         {product} {ergonomic}
     uint ConcGCThreads                            = 2                                         {product} {ergonomic}
     uint G1ConcRefinementThreads                  = 8                                         {product} {ergonomic}
   size_t G1HeapRegionSize                         = 1048576                                   {product} {ergonomic}
    uintx GCDrainStackTargetSize                   = 64                                        {product} {ergonomic}
   size_t InitialHeapSize                          = 134217728                                 {product} {ergonomic}
   size_t MarkStackSize                            = 4194304                                   {product} {ergonomic}
   size_t MaxHeapSize                              = 2147483648                                {product} {command line}
   size_t MaxNewSize                               = 1287651328                                {product} {ergonomic}
   size_t MinHeapDeltaBytes                        = 1048576                                   {product} {ergonomic}
    uintx NonNMethodCodeHeapSize                   = 5836300                                {pd product} {ergonomic}
    uintx NonProfiledCodeHeapSize                  = 122910970                              {pd product} {ergonomic}
    uintx ProfiledCodeHeapSize                     = 122910970                              {pd product} {ergonomic}
    uintx ReservedCodeCacheSize                    = 251658240                              {pd product} {ergonomic}
     bool SegmentedCodeCache                       = true                                      {product} {ergonomic}
     bool UseCompressedClassPointers               = true                                 {lp64_product} {ergonomic}
     bool UseCompressedOops                        = true                                 {lp64_product} {ergonomic}
     bool UseG1GC                                  = true                                      {product} {ergonomic}
     bool UseLargePagesIndividualAllocation        = false                                  {pd product} {ergonomic}

Logging:
Log output configuration:
 #0: stdout all=warning uptime,level,tags
 #1: stderr all=off uptime,level,tags

Environment Variables:
JAVA_HOME=C:\Program Files\Java\jdk1.8.0_91\bin
CLASSPATH=C:\Program Files\Java\jdk1.8.0_91\bin
PATH=C:\Program Files (x86)\Common Files\Intel\Shared Libraries\redist\ia32\compiler;C:\Program Files (x86)\Common Files\Intel\Shared Libraries\redist\intel64\compiler;C:\Program Files (x86)\Common Files\Oracle\Java\javapath;C:\Windows\system32;C:\Windows;C:\Windows\System32\Wbem;C:\Windows\System32\WindowsPowerShell\v1.0\;C:\Windows\System32\OpenSSH\;C:\Program Files\Java\jdk1.8.0_91\bin;C:\Program Files\Git\cmd;C:\Users\Clement\AppData\Local\Microsoft\WindowsApps;ANDROID_HOME\tools;ANDROID_HOME\platform-tools;;F:\Program Files\JetBrains\IntelliJ IDEA Community Edition 2019.1.3\bin;
USERNAME=Clement
OS=Windows_NT
PROCESSOR_IDENTIFIER=Intel64 Family 6 Model 142 Stepping 10, GenuineIntel



---------------  S Y S T E M  ---------------

OS: Windows 10 , 64 bit Build 17763 (10.0.17763.2028)
OS uptime: 2 days 4:16 hours

CPU:total 8 (initial active 8) (4 cores per cpu, 2 threads per core) family 6 model 142 stepping 10, cmov, cx8, fxsr, mmx, sse, sse2, sse3, ssse3, sse4.1, sse4.2, popcnt, avx, avx2, aes, clmul, erms, 3dnowpref, lzcnt, ht, tsc, tscinvbit, bmi1, bmi2, adx, fma

Memory: 4k page, system-wide physical 8101M (564M free)
TotalPageFile size 8901M (AvailPageFile size 5M)
current process WorkingSet (physical memory assigned to process): 201M, peak: 203M
current process commit charge ("private bytes"): 271M, peak: 273M

vm_info: OpenJDK 64-Bit Server VM (11.0.8+10-b944.6842174) for windows-amd64 JRE (11.0.8+10-b944.6842174), built on Sep 19 2020 01:11:42 by "builder" with MS VC++ 14.0 (VS2015)

END.
