#
# There is insufficient memory for the Java Runtime Environment to continue.
# Native memory allocation (malloc) failed to allocate 378096 bytes for Chunk::new
# Possible reasons:
#   The system is out of physical RAM or swap space
#   The process is running with CompressedOops enabled, and the Java Heap may be blocking the growth of the native heap
# Possible solutions:
#   Reduce memory load on the system
#   Increase physical memory or swap space
#   Check if swap backing store is full
#   Decrease Java heap size (-Xmx/-Xms)
#   Decrease number of Java threads
#   Decrease Java thread stack sizes (-Xss)
#   Set larger code cache with -XX:ReservedCodeCacheSize=
#   JVM is running with Unscaled Compressed Oops mode in which the Java heap is
#     placed in the first 4GB address space. The Java Heap base address is the
#     maximum limit for the native heap growth. Please use -XX:HeapBaseMinAddress
#     to set the Java Heap base and to place the Java Heap above 4GB virtual address.
# This output file may be truncated or incomplete.
#
#  Out of Memory Error (./src/hotspot/share/memory/arena.cpp:197), pid=580, tid=948
#
# JRE version: OpenJDK Runtime Environment (11.0.8+10) (build 11.0.8+10-b944.6842174)
# Java VM: OpenJDK 64-Bit Server VM (11.0.8+10-b944.6842174, mixed mode, tiered, compressed oops, g1 gc, windows-amd64)
# No core dump will be written. Minidumps are not enabled by default on client versions of Windows
#

---------------  S U M M A R Y ------------

Command Line: --add-opens=java.base/java.util=ALL-UNNAMED --add-opens=java.base/java.lang=ALL-UNNAMED --add-opens=java.base/java.lang.invoke=ALL-UNNAMED --add-opens=java.prefs/java.util.prefs=ALL-UNNAMED -Xmx2048m -Dfile.encoding=UTF-8 -Duser.country=RU -Duser.language=ru -Duser.variant org.gradle.launcher.daemon.bootstrap.GradleDaemon 6.5

Host: Intel(R) Core(TM) i5-8250U CPU @ 1.60GHz, 8 cores, 7G,  Windows 10 , 64 bit Build 17763 (10.0.17763.2028)
Time: Wed Jul 21 15:11:37 2021 RTZ 2 (ceia) elapsed time: 3 seconds (0d 0h 0m 3s)

---------------  T H R E A D  ---------------

Current thread (0x000001572fab4000):  JavaThread "C2 CompilerThread1" daemon [_thread_in_native, id=948, stack(0x0000003c32700000,0x0000003c32800000)]


Current CompileTask:
C2:   3490 1872   !   4       java.util.zip.InflaterInputStream::read (138 bytes)

Stack: [0x0000003c32700000,0x0000003c32800000]
Native frames: (J=compiled Java code, j=interpreted, Vv=VM code, C=native code)
V  [jvm.dll+0x5de50a]
V  [jvm.dll+0x7122f5]
V  [jvm.dll+0x71384d]
V  [jvm.dll+0x713f03]
V  [jvm.dll+0x23e728]
V  [jvm.dll+0xb899c]
V  [jvm.dll+0xb8e9c]
V  [jvm.dll+0x35024d]
V  [jvm.dll+0x193cbc]
V  [jvm.dll+0x1f780e]
V  [jvm.dll+0x1f68d4]
V  [jvm.dll+0x17f32c]
V  [jvm.dll+0x205047]
V  [jvm.dll+0x203891]
V  [jvm.dll+0x6dad3f]
V  [jvm.dll+0x6d3895]
V  [jvm.dll+0x5dd4a6]
C  [ucrtbase.dll+0x2268a]
C  [KERNEL32.DLL+0x17974]
C  [ntdll.dll+0x5a2f1]


---------------  P R O C E S S  ---------------

Threads class SMR info:
_java_thread_list=0x000001572f7774e0, length=24, elements={
0x00000157124b8800, 0x000001572c7c4800, 0x000001572c7ce800, 0x000001572c7c0000,
0x000001572c7c1000, 0x000001572cfe1800, 0x000001572cfe7000, 0x000001572cfe8000,
0x000001572d1a5000, 0x000001572d1af800, 0x000001572d766000, 0x000001572e3c2800,
0x000001572e4b6800, 0x000001572e934800, 0x000001572e4c5000, 0x000001572e3b1800,
0x000001572e44a000, 0x000001572e601800, 0x000001572dc62800, 0x000001572ef11800,
0x000001572f0ce800, 0x000001572f0cf000, 0x000001572f0d0000, 0x000001572fab4000
}

Java Threads: ( => current thread )
  0x00000157124b8800 JavaThread "main" [_thread_blocked, id=11372, stack(0x0000003c2ff00000,0x0000003c30000000)]
  0x000001572c7c4800 JavaThread "Reference Handler" daemon [_thread_blocked, id=11892, stack(0x0000003c30600000,0x0000003c30700000)]
  0x000001572c7ce800 JavaThread "Finalizer" daemon [_thread_blocked, id=12052, stack(0x0000003c30700000,0x0000003c30800000)]
  0x000001572c7c0000 JavaThread "Signal Dispatcher" daemon [_thread_blocked, id=1084, stack(0x0000003c30800000,0x0000003c30900000)]
  0x000001572c7c1000 JavaThread "Attach Listener" daemon [_thread_blocked, id=12652, stack(0x0000003c30900000,0x0000003c30a00000)]
  0x000001572cfe1800 JavaThread "C2 CompilerThread0" daemon [_thread_in_native, id=3536, stack(0x0000003c30a00000,0x0000003c30b00000)]
  0x000001572cfe7000 JavaThread "C1 CompilerThread0" daemon [_thread_blocked, id=13700, stack(0x0000003c30b00000,0x0000003c30c00000)]
  0x000001572cfe8000 JavaThread "Sweeper thread" daemon [_thread_blocked, id=11460, stack(0x0000003c30c00000,0x0000003c30d00000)]
  0x000001572d1a5000 JavaThread "Common-Cleaner" daemon [_thread_blocked, id=9692, stack(0x0000003c30d00000,0x0000003c30e00000)]
  0x000001572d1af800 JavaThread "Service Thread" daemon [_thread_blocked, id=13660, stack(0x0000003c30e00000,0x0000003c30f00000)]
  0x000001572d766000 JavaThread "Daemon health stats" [_thread_blocked, id=10644, stack(0x0000003c31000000,0x0000003c31100000)]
  0x000001572e3c2800 JavaThread "Incoming local TCP Connector on port 62414" [_thread_in_native, id=9968, stack(0x0000003c31500000,0x0000003c31600000)]
  0x000001572e4b6800 JavaThread "Daemon periodic checks" [_thread_blocked, id=9508, stack(0x0000003c31600000,0x0000003c31700000)]
  0x000001572e934800 JavaThread "Daemon" [_thread_blocked, id=10752, stack(0x0000003c31700000,0x0000003c31800000)]
  0x000001572e4c5000 JavaThread "Handler for socket connection from /127.0.0.1:62414 to /127.0.0.1:62415" [_thread_in_native, id=12236, stack(0x0000003c31800000,0x0000003c31900000)]
  0x000001572e3b1800 JavaThread "Cancel handler" [_thread_blocked, id=13244, stack(0x0000003c31900000,0x0000003c31a00000)]
  0x000001572e44a000 JavaThread "Daemon worker" [_thread_in_vm, id=2260, stack(0x0000003c31a00000,0x0000003c31b00000)]
  0x000001572e601800 JavaThread "Asynchronous log dispatcher for DefaultDaemonConnection: socket connection from /127.0.0.1:62414 to /127.0.0.1:62415" [_thread_blocked, id=940, stack(0x0000003c31b00000,0x0000003c31c00000)]
  0x000001572dc62800 JavaThread "Stdin handler" [_thread_blocked, id=11704, stack(0x0000003c31c00000,0x0000003c31d00000)]
  0x000001572ef11800 JavaThread "Thread-8" [_thread_blocked, id=5572, stack(0x0000003c31d00000,0x0000003c31e00000)]
  0x000001572f0ce800 JavaThread "Cache worker for journal cache (C:\Users\Clement\.gradle\caches\journal-1)" [_thread_blocked, id=1676, stack(0x0000003c31e00000,0x0000003c31f00000)]
  0x000001572f0cf000 JavaThread "File lock request listener" [_thread_in_native, id=32, stack(0x0000003c31f00000,0x0000003c32000000)]
  0x000001572f0d0000 JavaThread "Cache worker for file hash cache (C:\Users\Clement\.gradle\caches\6.5\fileHashes)" [_thread_blocked, id=9852, stack(0x0000003c32500000,0x0000003c32600000)]
=>0x000001572fab4000 JavaThread "C2 CompilerThread1" daemon [_thread_in_native, id=948, stack(0x0000003c32700000,0x0000003c32800000)]

Other Threads:
  0x000001572c7b1000 VMThread "VM Thread" [stack: 0x0000003c30500000,0x0000003c30600000] [id=9468]
  0x000001572d1ea800 WatcherThread [stack: 0x0000003c30f00000,0x0000003c31000000] [id=12580]
  0x00000157124d1000 GCTaskThread "GC Thread#0" [stack: 0x0000003c30000000,0x0000003c30100000] [id=13240]
  0x000001572df14800 GCTaskThread "GC Thread#1" [stack: 0x0000003c31100000,0x0000003c31200000] [id=6208]
  0x000001572d6df800 GCTaskThread "GC Thread#2" [stack: 0x0000003c31200000,0x0000003c31300000] [id=8576]
  0x000001572e984800 GCTaskThread "GC Thread#3" [stack: 0x0000003c32000000,0x0000003c32100000] [id=3104]
  0x000001572e6dc800 GCTaskThread "GC Thread#4" [stack: 0x0000003c32100000,0x0000003c32200000] [id=6244]
  0x000001572f084000 GCTaskThread "GC Thread#5" [stack: 0x0000003c32200000,0x0000003c32300000] [id=13992]
  0x000001572ec2e800 GCTaskThread "GC Thread#6" [stack: 0x0000003c32300000,0x0000003c32400000] [id=10388]
  0x000001572e432800 GCTaskThread "GC Thread#7" [stack: 0x0000003c32400000,0x0000003c32500000] [id=1996]
  0x0000015712503000 ConcurrentGCThread "G1 Main Marker" [stack: 0x0000003c30100000,0x0000003c30200000] [id=3564]
  0x0000015712505800 ConcurrentGCThread "G1 Conc#0" [stack: 0x0000003c30200000,0x0000003c30300000] [id=12384]
  0x000001572eafb800 ConcurrentGCThread "G1 Conc#1" [stack: 0x0000003c32600000,0x0000003c32700000] [id=12444]
  0x000001572c5fa800 ConcurrentGCThread "G1 Refine#0" [stack: 0x0000003c30300000,0x0000003c30400000] [id=2688]
  0x000001571258e000 ConcurrentGCThread "G1 Young RemSet Sampling" [stack: 0x0000003c30400000,0x0000003c30500000] [id=12932]

Threads with active compile tasks:
C2 CompilerThread0   3519 1871   !   4       java.lang.ClassLoader::loadClass (122 bytes)
C2 CompilerThread1   3519 1872   !   4       java.util.zip.InflaterInputStream::read (138 bytes)

VM state:not at safepoint (normal execution)

VM Mutex/Monitor currently owned by a thread: None

Heap address: 0x0000000080000000, size: 2048 MB, Compressed Oops mode: 32-bit
Narrow klass base: 0x0000000000000000, Narrow klass shift: 3
Compressed class space size: 1073741824 Address: 0x0000000100000000

Heap:
 garbage-first heap   total 131072K, used 39739K [0x0000000080000000, 0x0000000100000000)
  region size 1024K, 25 young (25600K), 1 survivors (1024K)
 Metaspace       used 23424K, capacity 24035K, committed 24368K, reserved 1071104K
  class space    used 2906K, capacity 3086K, committed 3200K, reserved 1048576K
Heap Regions: E=young(eden), S=young(survivor), O=old, HS=humongous(starts), HC=humongous(continues), CS=collection set, F=free, A=archive, TAMS=top-at-mark-start (previous, next)
|   0|0x0000000080000000, 0x0000000080000000, 0x0000000080100000|  0%| F|  |TAMS 0x0000000080000000, 0x0000000080000000| Untracked 
|   1|0x0000000080100000, 0x0000000080200000, 0x0000000080200000|100%| O|  |TAMS 0x0000000080200000, 0x0000000080100000| Untracked 
|   2|0x0000000080200000, 0x0000000080300000, 0x0000000080300000|100%| O|  |TAMS 0x0000000080300000, 0x0000000080200000| Untracked 
|   3|0x0000000080300000, 0x0000000080400000, 0x0000000080400000|100%|HS|  |TAMS 0x0000000080400000, 0x0000000080300000| Complete 
|   4|0x0000000080400000, 0x0000000080500000, 0x0000000080500000|100%|HC|  |TAMS 0x0000000080500000, 0x0000000080400000| Complete 
|   5|0x0000000080500000, 0x0000000080600000, 0x0000000080600000|100%|HC|  |TAMS 0x0000000080600000, 0x0000000080500000| Complete 
|   6|0x0000000080600000, 0x0000000080700000, 0x0000000080700000|100%| O|  |TAMS 0x0000000080700000, 0x0000000080600000| Untracked 
|   7|0x0000000080700000, 0x0000000080800000, 0x0000000080800000|100%| O|  |TAMS 0x0000000080800000, 0x0000000080700000| Untracked 
|   8|0x0000000080800000, 0x0000000080900000, 0x0000000080900000|100%| O|  |TAMS 0x0000000080900000, 0x0000000080800000| Untracked 
|   9|0x0000000080900000, 0x0000000080a00000, 0x0000000080a00000|100%| O|  |TAMS 0x0000000080a00000, 0x0000000080900000| Untracked 
|  10|0x0000000080a00000, 0x0000000080b00000, 0x0000000080b00000|100%| O|  |TAMS 0x0000000080b00000, 0x0000000080a00000| Untracked 
|  11|0x0000000080b00000, 0x0000000080c00000, 0x0000000080c00000|100%| O|  |TAMS 0x0000000080c00000, 0x0000000080b00000| Untracked 
|  12|0x0000000080c00000, 0x0000000080d00000, 0x0000000080d00000|100%| O|  |TAMS 0x0000000080d00000, 0x0000000080c00000| Untracked 
|  13|0x0000000080d00000, 0x0000000080e00000, 0x0000000080e00000|100%| O|  |TAMS 0x0000000080e00000, 0x0000000080d00000| Untracked 
|  14|0x0000000080e00000, 0x0000000080f00000, 0x0000000080f00000|100%| O|  |TAMS 0x0000000080f00000, 0x0000000080e00000| Untracked 
|  15|0x0000000080f00000, 0x0000000081000000, 0x0000000081000000|100%| O|  |TAMS 0x0000000081000000, 0x0000000080f00000| Untracked 
|  16|0x0000000081000000, 0x0000000081001600, 0x0000000081100000|  0%| O|  |TAMS 0x0000000081001600, 0x0000000081000000| Untracked 
|  17|0x0000000081100000, 0x0000000081100000, 0x0000000081200000|  0%| F|  |TAMS 0x0000000081100000, 0x0000000081100000| Untracked 
|  18|0x0000000081200000, 0x0000000081200000, 0x0000000081300000|  0%| F|  |TAMS 0x0000000081200000, 0x0000000081200000| Untracked 
|  19|0x0000000081300000, 0x0000000081300000, 0x0000000081400000|  0%| F|  |TAMS 0x0000000081300000, 0x0000000081300000| Untracked 
|  20|0x0000000081400000, 0x0000000081400000, 0x0000000081500000|  0%| F|  |TAMS 0x0000000081400000, 0x0000000081400000| Untracked 
|  21|0x0000000081500000, 0x0000000081500000, 0x0000000081600000|  0%| F|  |TAMS 0x0000000081500000, 0x0000000081500000| Untracked 
|  22|0x0000000081600000, 0x0000000081600000, 0x0000000081700000|  0%| F|  |TAMS 0x0000000081600000, 0x0000000081600000| Untracked 
|  23|0x0000000081700000, 0x0000000081700000, 0x0000000081800000|  0%| F|  |TAMS 0x0000000081700000, 0x0000000081700000| Untracked 
|  24|0x0000000081800000, 0x0000000081800000, 0x0000000081900000|  0%| F|  |TAMS 0x0000000081800000, 0x0000000081800000| Untracked 
|  25|0x0000000081900000, 0x0000000081900000, 0x0000000081a00000|  0%| F|  |TAMS 0x0000000081900000, 0x0000000081900000| Untracked 
|  26|0x0000000081a00000, 0x0000000081a00000, 0x0000000081b00000|  0%| F|  |TAMS 0x0000000081a00000, 0x0000000081a00000| Untracked 
|  27|0x0000000081b00000, 0x0000000081b00000, 0x0000000081c00000|  0%| F|  |TAMS 0x0000000081b00000, 0x0000000081b00000| Untracked 
|  28|0x0000000081c00000, 0x0000000081c00000, 0x0000000081d00000|  0%| F|  |TAMS 0x0000000081c00000, 0x0000000081c00000| Untracked 
|  29|0x0000000081d00000, 0x0000000081d00000, 0x0000000081e00000|  0%| F|  |TAMS 0x0000000081d00000, 0x0000000081d00000| Untracked 
|  30|0x0000000081e00000, 0x0000000081e00000, 0x0000000081f00000|  0%| F|  |TAMS 0x0000000081e00000, 0x0000000081e00000| Untracked 
|  31|0x0000000081f00000, 0x0000000081f00000, 0x0000000082000000|  0%| F|  |TAMS 0x0000000081f00000, 0x0000000081f00000| Untracked 
|  32|0x0000000082000000, 0x0000000082000000, 0x0000000082100000|  0%| F|  |TAMS 0x0000000082000000, 0x0000000082000000| Untracked 
|  33|0x0000000082100000, 0x0000000082100000, 0x0000000082200000|  0%| F|  |TAMS 0x0000000082100000, 0x0000000082100000| Untracked 
|  34|0x0000000082200000, 0x0000000082200000, 0x0000000082300000|  0%| F|  |TAMS 0x0000000082200000, 0x0000000082200000| Untracked 
|  35|0x0000000082300000, 0x0000000082300000, 0x0000000082400000|  0%| F|  |TAMS 0x0000000082300000, 0x0000000082300000| Untracked 
|  36|0x0000000082400000, 0x0000000082400000, 0x0000000082500000|  0%| F|  |TAMS 0x0000000082400000, 0x0000000082400000| Untracked 
|  37|0x0000000082500000, 0x0000000082500000, 0x0000000082600000|  0%| F|  |TAMS 0x0000000082500000, 0x0000000082500000| Untracked 
|  38|0x0000000082600000, 0x0000000082600000, 0x0000000082700000|  0%| F|  |TAMS 0x0000000082600000, 0x0000000082600000| Untracked 
|  39|0x0000000082700000, 0x0000000082700000, 0x0000000082800000|  0%| F|  |TAMS 0x0000000082700000, 0x0000000082700000| Untracked 
|  40|0x0000000082800000, 0x0000000082800000, 0x0000000082900000|  0%| F|  |TAMS 0x0000000082800000, 0x0000000082800000| Untracked 
|  41|0x0000000082900000, 0x0000000082900000, 0x0000000082a00000|  0%| F|  |TAMS 0x0000000082900000, 0x0000000082900000| Untracked 
|  42|0x0000000082a00000, 0x0000000082a00000, 0x0000000082b00000|  0%| F|  |TAMS 0x0000000082a00000, 0x0000000082a00000| Untracked 
|  43|0x0000000082b00000, 0x0000000082b00000, 0x0000000082c00000|  0%| F|  |TAMS 0x0000000082b00000, 0x0000000082b00000| Untracked 
|  44|0x0000000082c00000, 0x0000000082c00000, 0x0000000082d00000|  0%| F|  |TAMS 0x0000000082c00000, 0x0000000082c00000| Untracked 
|  45|0x0000000082d00000, 0x0000000082d00000, 0x0000000082e00000|  0%| F|  |TAMS 0x0000000082d00000, 0x0000000082d00000| Untracked 
|  46|0x0000000082e00000, 0x0000000082e00000, 0x0000000082f00000|  0%| F|  |TAMS 0x0000000082e00000, 0x0000000082e00000| Untracked 
|  47|0x0000000082f00000, 0x0000000082f00000, 0x0000000083000000|  0%| F|  |TAMS 0x0000000082f00000, 0x0000000082f00000| Untracked 
|  48|0x0000000083000000, 0x0000000083000000, 0x0000000083100000|  0%| F|  |TAMS 0x0000000083000000, 0x0000000083000000| Untracked 
|  49|0x0000000083100000, 0x0000000083100000, 0x0000000083200000|  0%| F|  |TAMS 0x0000000083100000, 0x0000000083100000| Untracked 
|  50|0x0000000083200000, 0x0000000083200000, 0x0000000083300000|  0%| F|  |TAMS 0x0000000083200000, 0x0000000083200000| Untracked 
|  51|0x0000000083300000, 0x0000000083300000, 0x0000000083400000|  0%| F|  |TAMS 0x0000000083300000, 0x0000000083300000| Untracked 
|  52|0x0000000083400000, 0x0000000083400000, 0x0000000083500000|  0%| F|  |TAMS 0x0000000083400000, 0x0000000083400000| Untracked 
|  53|0x0000000083500000, 0x0000000083500000, 0x0000000083600000|  0%| F|  |TAMS 0x0000000083500000, 0x0000000083500000| Untracked 
|  54|0x0000000083600000, 0x0000000083600000, 0x0000000083700000|  0%| F|  |TAMS 0x0000000083600000, 0x0000000083600000| Untracked 
|  55|0x0000000083700000, 0x0000000083700000, 0x0000000083800000|  0%| F|  |TAMS 0x0000000083700000, 0x0000000083700000| Untracked 
|  56|0x0000000083800000, 0x0000000083800000, 0x0000000083900000|  0%| F|  |TAMS 0x0000000083800000, 0x0000000083800000| Untracked 
|  57|0x0000000083900000, 0x0000000083900000, 0x0000000083a00000|  0%| F|  |TAMS 0x0000000083900000, 0x0000000083900000| Untracked 
|  58|0x0000000083a00000, 0x0000000083a00000, 0x0000000083b00000|  0%| F|  |TAMS 0x0000000083a00000, 0x0000000083a00000| Untracked 
|  59|0x0000000083b00000, 0x0000000083b00000, 0x0000000083c00000|  0%| F|  |TAMS 0x0000000083b00000, 0x0000000083b00000| Untracked 
|  60|0x0000000083c00000, 0x0000000083c00000, 0x0000000083d00000|  0%| F|  |TAMS 0x0000000083c00000, 0x0000000083c00000| Untracked 
|  61|0x0000000083d00000, 0x0000000083d00000, 0x0000000083e00000|  0%| F|  |TAMS 0x0000000083d00000, 0x0000000083d00000| Untracked 
|  62|0x0000000083e00000, 0x0000000083e00000, 0x0000000083f00000|  0%| F|  |TAMS 0x0000000083e00000, 0x0000000083e00000| Untracked 
|  63|0x0000000083f00000, 0x0000000083f00000, 0x0000000084000000|  0%| F|  |TAMS 0x0000000083f00000, 0x0000000083f00000| Untracked 
|  64|0x0000000084000000, 0x0000000084000000, 0x0000000084100000|  0%| F|  |TAMS 0x0000000084000000, 0x0000000084000000| Untracked 
|  65|0x0000000084100000, 0x0000000084100000, 0x0000000084200000|  0%| F|  |TAMS 0x0000000084100000, 0x0000000084100000| Untracked 
|  66|0x0000000084200000, 0x0000000084200000, 0x0000000084300000|  0%| F|  |TAMS 0x0000000084200000, 0x0000000084200000| Untracked 
|  67|0x0000000084300000, 0x0000000084300000, 0x0000000084400000|  0%| F|  |TAMS 0x0000000084300000, 0x0000000084300000| Untracked 
|  68|0x0000000084400000, 0x0000000084400000, 0x0000000084500000|  0%| F|  |TAMS 0x0000000084400000, 0x0000000084400000| Untracked 
|  69|0x0000000084500000, 0x0000000084500000, 0x0000000084600000|  0%| F|  |TAMS 0x0000000084500000, 0x0000000084500000| Untracked 
|  70|0x0000000084600000, 0x0000000084600000, 0x0000000084700000|  0%| F|  |TAMS 0x0000000084600000, 0x0000000084600000| Untracked 
|  71|0x0000000084700000, 0x0000000084700000, 0x0000000084800000|  0%| F|  |TAMS 0x0000000084700000, 0x0000000084700000| Untracked 
|  72|0x0000000084800000, 0x0000000084800000, 0x0000000084900000|  0%| F|  |TAMS 0x0000000084800000, 0x0000000084800000| Untracked 
|  73|0x0000000084900000, 0x0000000084900000, 0x0000000084a00000|  0%| F|  |TAMS 0x0000000084900000, 0x0000000084900000| Untracked 
|  74|0x0000000084a00000, 0x0000000084a00000, 0x0000000084b00000|  0%| F|  |TAMS 0x0000000084a00000, 0x0000000084a00000| Untracked 
|  75|0x0000000084b00000, 0x0000000084b00000, 0x0000000084c00000|  0%| F|  |TAMS 0x0000000084b00000, 0x0000000084b00000| Untracked 
|  76|0x0000000084c00000, 0x0000000084c00000, 0x0000000084d00000|  0%| F|  |TAMS 0x0000000084c00000, 0x0000000084c00000| Untracked 
|  77|0x0000000084d00000, 0x0000000084d00000, 0x0000000084e00000|  0%| F|  |TAMS 0x0000000084d00000, 0x0000000084d00000| Untracked 
|  78|0x0000000084e00000, 0x0000000084e00000, 0x0000000084f00000|  0%| F|  |TAMS 0x0000000084e00000, 0x0000000084e00000| Untracked 
|  79|0x0000000084f00000, 0x0000000084f00000, 0x0000000085000000|  0%| F|  |TAMS 0x0000000084f00000, 0x0000000084f00000| Untracked 
|  80|0x0000000085000000, 0x0000000085000000, 0x0000000085100000|  0%| F|  |TAMS 0x0000000085000000, 0x0000000085000000| Untracked 
|  81|0x0000000085100000, 0x0000000085100000, 0x0000000085200000|  0%| F|  |TAMS 0x0000000085100000, 0x0000000085100000| Untracked 
|  82|0x0000000085200000, 0x0000000085200000, 0x0000000085300000|  0%| F|  |TAMS 0x0000000085200000, 0x0000000085200000| Untracked 
|  83|0x0000000085300000, 0x0000000085300000, 0x0000000085400000|  0%| F|  |TAMS 0x0000000085300000, 0x0000000085300000| Untracked 
|  84|0x0000000085400000, 0x0000000085400000, 0x0000000085500000|  0%| F|  |TAMS 0x0000000085400000, 0x0000000085400000| Untracked 
|  85|0x0000000085500000, 0x0000000085500000, 0x0000000085600000|  0%| F|  |TAMS 0x0000000085500000, 0x0000000085500000| Untracked 
|  86|0x0000000085600000, 0x0000000085600000, 0x0000000085700000|  0%| F|  |TAMS 0x0000000085600000, 0x0000000085600000| Untracked 
|  87|0x0000000085700000, 0x0000000085700000, 0x0000000085800000|  0%| F|  |TAMS 0x0000000085700000, 0x0000000085700000| Untracked 
|  88|0x0000000085800000, 0x0000000085800000, 0x0000000085900000|  0%| F|  |TAMS 0x0000000085800000, 0x0000000085800000| Untracked 
|  89|0x0000000085900000, 0x0000000085900000, 0x0000000085a00000|  0%| F|  |TAMS 0x0000000085900000, 0x0000000085900000| Untracked 
|  90|0x0000000085a00000, 0x0000000085a00000, 0x0000000085b00000|  0%| F|  |TAMS 0x0000000085a00000, 0x0000000085a00000| Untracked 
|  91|0x0000000085b00000, 0x0000000085b00000, 0x0000000085c00000|  0%| F|  |TAMS 0x0000000085b00000, 0x0000000085b00000| Untracked 
|  92|0x0000000085c00000, 0x0000000085c00000, 0x0000000085d00000|  0%| F|  |TAMS 0x0000000085c00000, 0x0000000085c00000| Untracked 
|  93|0x0000000085d00000, 0x0000000085d00000, 0x0000000085e00000|  0%| F|  |TAMS 0x0000000085d00000, 0x0000000085d00000| Untracked 
|  94|0x0000000085e00000, 0x0000000085e00000, 0x0000000085f00000|  0%| F|  |TAMS 0x0000000085e00000, 0x0000000085e00000| Untracked 
|  95|0x0000000085f00000, 0x0000000085f00000, 0x0000000086000000|  0%| F|  |TAMS 0x0000000085f00000, 0x0000000085f00000| Untracked 
|  96|0x0000000086000000, 0x0000000086000000, 0x0000000086100000|  0%| F|  |TAMS 0x0000000086000000, 0x0000000086000000| Untracked 
|  97|0x0000000086100000, 0x0000000086100000, 0x0000000086200000|  0%| F|  |TAMS 0x0000000086100000, 0x0000000086100000| Untracked 
|  98|0x0000000086200000, 0x0000000086200000, 0x0000000086300000|  0%| F|  |TAMS 0x0000000086200000, 0x0000000086200000| Untracked 
|  99|0x0000000086300000, 0x0000000086300000, 0x0000000086400000|  0%| F|  |TAMS 0x0000000086300000, 0x0000000086300000| Untracked 
| 100|0x0000000086400000, 0x0000000086400000, 0x0000000086500000|  0%| F|  |TAMS 0x0000000086400000, 0x0000000086400000| Untracked 
| 101|0x0000000086500000, 0x0000000086500000, 0x0000000086600000|  0%| F|  |TAMS 0x0000000086500000, 0x0000000086500000| Untracked 
| 102|0x0000000086600000, 0x0000000086600000, 0x0000000086700000|  0%| F|  |TAMS 0x0000000086600000, 0x0000000086600000| Untracked 
| 103|0x0000000086700000, 0x00000000867d7ab0, 0x0000000086800000| 84%| E|  |TAMS 0x0000000086700000, 0x0000000086700000| Complete 
| 104|0x0000000086800000, 0x0000000086900000, 0x0000000086900000|100%| E|CS|TAMS 0x0000000086800000, 0x0000000086800000| Complete 
| 105|0x0000000086900000, 0x0000000086a00000, 0x0000000086a00000|100%| E|CS|TAMS 0x0000000086900000, 0x0000000086900000| Complete 
| 106|0x0000000086a00000, 0x0000000086b00000, 0x0000000086b00000|100%| E|CS|TAMS 0x0000000086a00000, 0x0000000086a00000| Complete 
| 107|0x0000000086b00000, 0x0000000086c00000, 0x0000000086c00000|100%| E|CS|TAMS 0x0000000086b00000, 0x0000000086b00000| Complete 
| 108|0x0000000086c00000, 0x0000000086d00000, 0x0000000086d00000|100%| E|CS|TAMS 0x0000000086c00000, 0x0000000086c00000| Complete 
| 109|0x0000000086d00000, 0x0000000086e00000, 0x0000000086e00000|100%| E|CS|TAMS 0x0000000086d00000, 0x0000000086d00000| Complete 
| 110|0x0000000086e00000, 0x0000000086f00000, 0x0000000086f00000|100%| E|CS|TAMS 0x0000000086e00000, 0x0000000086e00000| Complete 
| 111|0x0000000086f00000, 0x0000000087000000, 0x0000000087000000|100%| E|CS|TAMS 0x0000000086f00000, 0x0000000086f00000| Complete 
| 112|0x0000000087000000, 0x0000000087100000, 0x0000000087100000|100%| E|CS|TAMS 0x0000000087000000, 0x0000000087000000| Complete 
| 113|0x0000000087100000, 0x0000000087200000, 0x0000000087200000|100%| E|CS|TAMS 0x0000000087100000, 0x0000000087100000| Complete 
| 114|0x0000000087200000, 0x0000000087300000, 0x0000000087300000|100%| E|CS|TAMS 0x0000000087200000, 0x0000000087200000| Complete 
| 115|0x0000000087300000, 0x0000000087400000, 0x0000000087400000|100%| E|CS|TAMS 0x0000000087300000, 0x0000000087300000| Complete 
| 116|0x0000000087400000, 0x0000000087500000, 0x0000000087500000|100%| E|CS|TAMS 0x0000000087400000, 0x0000000087400000| Complete 
| 117|0x0000000087500000, 0x0000000087600000, 0x0000000087600000|100%| E|CS|TAMS 0x0000000087500000, 0x0000000087500000| Complete 
| 118|0x0000000087600000, 0x0000000087700000, 0x0000000087700000|100%| E|CS|TAMS 0x0000000087600000, 0x0000000087600000| Complete 
| 119|0x0000000087700000, 0x0000000087800000, 0x0000000087800000|100%| E|CS|TAMS 0x0000000087700000, 0x0000000087700000| Complete 
| 120|0x0000000087800000, 0x0000000087900000, 0x0000000087900000|100%| E|CS|TAMS 0x0000000087800000, 0x0000000087800000| Complete 
| 121|0x0000000087900000, 0x0000000087a00000, 0x0000000087a00000|100%| E|CS|TAMS 0x0000000087900000, 0x0000000087900000| Complete 
| 122|0x0000000087a00000, 0x0000000087b00000, 0x0000000087b00000|100%| E|CS|TAMS 0x0000000087a00000, 0x0000000087a00000| Complete 
| 123|0x0000000087b00000, 0x0000000087bcd640, 0x0000000087c00000| 80%| S|CS|TAMS 0x0000000087b00000, 0x0000000087b00000| Complete 
| 124|0x0000000087c00000, 0x0000000087d00000, 0x0000000087d00000|100%| E|CS|TAMS 0x0000000087c00000, 0x0000000087c00000| Complete 
| 125|0x0000000087d00000, 0x0000000087e00000, 0x0000000087e00000|100%| E|CS|TAMS 0x0000000087d00000, 0x0000000087d00000| Complete 
| 126|0x0000000087e00000, 0x0000000087f00000, 0x0000000087f00000|100%| E|CS|TAMS 0x0000000087e00000, 0x0000000087e00000| Complete 
| 127|0x0000000087f00000, 0x0000000088000000, 0x0000000088000000|100%| E|CS|TAMS 0x0000000087f00000, 0x0000000087f00000| Complete 

Card table byte_map: [0x0000015725560000,0x0000015725960000] _byte_map_base: 0x0000015725160000

Marking Bits (Prev, Next): (CMBitMap*) 0x00000157124fa4f0, (CMBitMap*) 0x00000157124fa4b8
 Prev Bits: [0x0000015727d60000, 0x0000015729d60000)
 Next Bits: [0x0000015725d60000, 0x0000015727d60000)

Polling page: 0x0000015710390000

Metaspace:

Usage:
  Non-class:     20.46 MB capacity,    20.07 MB ( 98%) used,   352.66 KB (  2%) free+waste,    41.06 KB ( <1%) overhead. 
      Class:      3.01 MB capacity,     2.84 MB ( 94%) used,   157.24 KB (  5%) free+waste,    20.25 KB ( <1%) overhead. 
       Both:     23.47 MB capacity,    22.91 MB ( 98%) used,   509.90 KB (  2%) free+waste,    61.31 KB ( <1%) overhead. 

Virtual space:
  Non-class space:       22.00 MB reserved,      20.67 MB ( 94%) committed 
      Class space:        1.00 GB reserved,       3.13 MB ( <1%) committed 
             Both:        1.02 GB reserved,      23.80 MB (  2%) committed 

Chunk freelists:
   Non-Class:  91.00 KB
       Class:  18.00 KB
        Both:  109.00 KB

MaxMetaspaceSize: 17179869184.00 GB
CompressedClassSpaceSize: 1.00 GB

CodeHeap 'non-profiled nmethods': size=120000Kb used=869Kb max_used=869Kb free=119130Kb
 bounds [0x000001571d900000, 0x000001571db70000, 0x0000015724e30000]
CodeHeap 'profiled nmethods': size=120000Kb used=4175Kb max_used=4175Kb free=115824Kb
 bounds [0x00000157163d0000, 0x00000157167f0000, 0x000001571d900000]
CodeHeap 'non-nmethods': size=5760Kb used=1141Kb max_used=1153Kb free=4618Kb
 bounds [0x0000015715e30000, 0x00000157160a0000, 0x00000157163d0000]
 total_blobs=2476 nmethods=2001 adapters=386
 compilation: enabled
              stopped_count=0, restarted_count=0
 full_count=0

Compilation events (20 events):
Event: 3.437 Thread 0x000001572fab4000 nmethod 1951 0x000001571d9d5390 code [0x000001571d9d5520, 0x000001571d9d57f8]
Event: 3.437 Thread 0x000001572fab4000 1960       4       com.google.common.base.CharMatcher::indexIn (48 bytes)
Event: 3.440 Thread 0x000001572fab4000 nmethod 1960 0x000001571d9d5990 code [0x000001571d9d5b60, 0x000001571d9d5d88]
Event: 3.440 Thread 0x000001572fab4000 1979 %     4       sun.nio.cs.UTF_8$Decoder::decodeArrayLoop @ 73 (691 bytes)
Event: 3.440 Thread 0x000001572cfe7000 1986       3       org.gradle.internal.service.DefaultServiceRegistry$ManagedObjectServiceProvider::requiredBy (20 bytes)
Event: 3.440 Thread 0x000001572cfe7000 nmethod 1986 0x00000157167d7710 code [0x00000157167d7900, 0x00000157167d7dc8]
Event: 3.440 Thread 0x000001572cfe7000 1987       3       org.gradle.internal.service.DefaultServiceRegistry$ManagedObjectServiceProvider::fromSameRegistry (27 bytes)
Event: 3.440 Thread 0x000001572cfe7000 nmethod 1987 0x00000157167d7f10 code [0x00000157167d80e0, 0x00000157167d8458]
Event: 3.440 Thread 0x000001572cfe7000 1988       3       org.gradle.internal.service.DefaultServiceRegistry::access$1500 (6 bytes)
Event: 3.440 Thread 0x000001572cfe7000 nmethod 1988 0x00000157167d8510 code [0x00000157167d86c0, 0x00000157167d87c8]
Event: 3.444 Thread 0x000001572cfe7000 1989       3       java.io.OutputStream::<init> (5 bytes)
Event: 3.444 Thread 0x000001572cfe7000 nmethod 1989 0x00000157167d8890 code [0x00000157167d8a40, 0x00000157167d8b98]
Event: 3.447 Thread 0x000001572cfe7000 1990       3       java.util.concurrent.locks.ReentrantLock$Sync::nonfairTryAcquire (67 bytes)
Event: 3.448 Thread 0x000001572cfe7000 nmethod 1990 0x00000157167d8c90 code [0x00000157167d8ee0, 0x00000157167d97c8]
Event: 3.448 Thread 0x000001572cfe7000 1991       3       java.util.concurrent.locks.ReentrantLock$Sync::tryRelease (45 bytes)
Event: 3.448 Thread 0x000001572cfe7000 nmethod 1991 0x00000157167d9b10 code [0x00000157167d9ce0, 0x00000157167d9fc8]
Event: 3.456 Thread 0x000001572fab4000 nmethod 1979% 0x000001571d9d6010 code [0x000001571d9d62e0, 0x000001571d9d7290]
Event: 3.456 Thread 0x000001572fab4000 1899       4       java.io.DataOutputStream::writeUTF (435 bytes)
Event: 3.464 Thread 0x000001572fab4000 nmethod 1899 0x000001571d9d7e90 code [0x000001571d9d8080, 0x000001571d9d89f8]
Event: 3.464 Thread 0x000001572fab4000 1872   !   4       java.util.zip.InflaterInputStream::read (138 bytes)

GC Heap History (6 events):
Event: 1.065 GC heap before
{Heap before GC invocations=0 (full 0):
 garbage-first heap   total 131072K, used 29696K [0x0000000080000000, 0x0000000100000000)
  region size 1024K, 24 young (24576K), 0 survivors (0K)
 Metaspace       used 10813K, capacity 11127K, committed 11264K, reserved 1058816K
  class space    used 1145K, capacity 1201K, committed 1280K, reserved 1048576K
}
Event: 1.069 GC heap after
{Heap after GC invocations=1 (full 0):
 garbage-first heap   total 131072K, used 8452K [0x0000000080000000, 0x0000000100000000)
  region size 1024K, 3 young (3072K), 3 survivors (3072K)
 Metaspace       used 10813K, capacity 11127K, committed 11264K, reserved 1058816K
  class space    used 1145K, capacity 1201K, committed 1280K, reserved 1048576K
}
Event: 3.191 GC heap before
{Heap before GC invocations=1 (full 0):
 garbage-first heap   total 131072K, used 82180K [0x0000000080000000, 0x0000000100000000)
  region size 1024K, 76 young (77824K), 3 survivors (3072K)
 Metaspace       used 19566K, capacity 20028K, committed 20224K, reserved 1067008K
  class space    used 2376K, capacity 2513K, committed 2560K, reserved 1048576K
}
Event: 3.196 GC heap after
{Heap after GC invocations=2 (full 0):
 garbage-first heap   total 131072K, used 15520K [0x0000000080000000, 0x0000000100000000)
  region size 1024K, 10 young (10240K), 10 survivors (10240K)
 Metaspace       used 19566K, capacity 20028K, committed 20224K, reserved 1067008K
  class space    used 2376K, capacity 2513K, committed 2560K, reserved 1048576K
}
Event: 3.239 GC heap before
{Heap before GC invocations=2 (full 0):
 garbage-first heap   total 131072K, used 18592K [0x0000000080000000, 0x0000000100000000)
  region size 1024K, 14 young (14336K), 10 survivors (10240K)
 Metaspace       used 20619K, capacity 21163K, committed 21296K, reserved 1069056K
  class space    used 2432K, capacity 2613K, committed 2688K, reserved 1048576K
}
Event: 3.246 GC heap after
{Heap after GC invocations=3 (full 0):
 garbage-first heap   total 131072K, used 16187K [0x0000000080000000, 0x0000000100000000)
  region size 1024K, 1 young (1024K), 1 survivors (1024K)
 Metaspace       used 20619K, capacity 21163K, committed 21296K, reserved 1069056K
  class space    used 2432K, capacity 2613K, committed 2688K, reserved 1048576K
}

Deoptimization events (20 events):
Event: 3.375 Thread 0x000001572e44a000 Uncommon trap: trap_request=0xffffff4d fr.pc=0x000001571d9663d4 relative=0x0000000000000094
Event: 3.375 Thread 0x000001572e44a000 Uncommon trap: reason=unstable_if action=reinterpret pc=0x000001571d9663d4 method=java.util.LinkedHashMap.afterNodeInsertion(Z)V @ 1 c2
Event: 3.375 Thread 0x000001572e44a000 DEOPT PACKING pc=0x000001571d9663d4 sp=0x0000003c31afc060
Event: 3.375 Thread 0x000001572e44a000 DEOPT UNPACKING pc=0x0000015715e574af sp=0x0000003c31afbfe0 mode 2
Event: 3.375 Thread 0x000001572e44a000 Uncommon trap: trap_request=0xffffff4d fr.pc=0x000001571d94420c relative=0x000000000000014c
Event: 3.375 Thread 0x000001572e44a000 Uncommon trap: reason=unstable_if action=reinterpret pc=0x000001571d94420c method=java.util.HashMap.getNode(ILjava/lang/Object;)Ljava/util/HashMap$Node; @ 129 c2
Event: 3.375 Thread 0x000001572e44a000 DEOPT PACKING pc=0x000001571d94420c sp=0x0000003c31afa0e0
Event: 3.375 Thread 0x000001572e44a000 DEOPT UNPACKING pc=0x0000015715e574af sp=0x0000003c31af9fe0 mode 2
Event: 3.375 Thread 0x000001572e44a000 Uncommon trap: trap_request=0xffffffc6 fr.pc=0x000001571d9bd134 relative=0x0000000000000e54
Event: 3.375 Thread 0x000001572e44a000 Uncommon trap: reason=bimorphic_or_optimized_type_check action=maybe_recompile pc=0x000001571d9bd134 method=java.util.HashMap.putVal(ILjava/lang/Object;Ljava/lang/Object;ZZ)Ljava/lang/Object; @ 203 c2
Event: 3.375 Thread 0x000001572e44a000 DEOPT PACKING pc=0x000001571d9bd134 sp=0x0000003c31afa060
Event: 3.375 Thread 0x000001572e44a000 DEOPT UNPACKING pc=0x0000015715e574af sp=0x0000003c31af9fb0 mode 2
Event: 3.377 Thread 0x000001572e44a000 Uncommon trap: trap_request=0xffffff4d fr.pc=0x000001571d94013c relative=0x000000000000035c
Event: 3.377 Thread 0x000001572e44a000 Uncommon trap: reason=unstable_if action=reinterpret pc=0x000001571d94013c method=java.util.HashMap.getNode(ILjava/lang/Object;)Ljava/util/HashMap$Node; @ 129 c2
Event: 3.377 Thread 0x000001572e44a000 DEOPT PACKING pc=0x000001571d94013c sp=0x0000003c31afbcb0
Event: 3.377 Thread 0x000001572e44a000 DEOPT UNPACKING pc=0x0000015715e574af sp=0x0000003c31afbc30 mode 2
Event: 3.377 Thread 0x000001572e44a000 Uncommon trap: trap_request=0xffffffc6 fr.pc=0x000001571d9bd134 relative=0x0000000000000e54
Event: 3.377 Thread 0x000001572e44a000 Uncommon trap: reason=bimorphic_or_optimized_type_check action=maybe_recompile pc=0x000001571d9bd134 method=java.util.HashMap.putVal(ILjava/lang/Object;Ljava/lang/Object;ZZ)Ljava/lang/Object; @ 203 c2
Event: 3.377 Thread 0x000001572e44a000 DEOPT PACKING pc=0x000001571d9bd134 sp=0x0000003c31afbcb0
Event: 3.377 Thread 0x000001572e44a000 DEOPT UNPACKING pc=0x0000015715e574af sp=0x0000003c31afbc00 mode 2

Classes redefined (0 events):
No events

Internal exceptions (20 events):
Event: 2.869 Thread 0x000001572e4c5000 Exception <a 'java/lang/NoSuchMethodError'{0x000000008493b290}: <clinit>> (0x000000008493b290) thrown at [./src/hotspot/share/prims/jni.cpp, line 1362]
Event: 2.871 Thread 0x000001572e4c5000 Exception <a 'java/lang/NoSuchMethodError'{0x000000008494d070}: <clinit>> (0x000000008494d070) thrown at [./src/hotspot/share/prims/jni.cpp, line 1362]
Event: 2.874 Thread 0x000001572e4c5000 Exception <a 'java/lang/NoSuchMethodError'{0x0000000084973b30}: <clinit>> (0x0000000084973b30) thrown at [./src/hotspot/share/prims/jni.cpp, line 1362]
Event: 2.875 Thread 0x000001572e4c5000 Exception <a 'java/lang/NoSuchMethodError'{0x000000008498b8d8}: <clinit>> (0x000000008498b8d8) thrown at [./src/hotspot/share/prims/jni.cpp, line 1362]
Event: 2.876 Thread 0x000001572e4c5000 Exception <a 'java/lang/NoSuchMethodError'{0x00000000849952a0}: <clinit>> (0x00000000849952a0) thrown at [./src/hotspot/share/prims/jni.cpp, line 1362]
Event: 2.878 Thread 0x000001572e4c5000 Exception <a 'java/lang/NoSuchMethodError'{0x00000000849aac70}: <clinit>> (0x00000000849aac70) thrown at [./src/hotspot/share/prims/jni.cpp, line 1362]
Event: 2.895 Thread 0x000001572e4c5000 Exception <a 'java/lang/NoSuchMethodError'{0x00000000848085e8}: <clinit>> (0x00000000848085e8) thrown at [./src/hotspot/share/prims/jni.cpp, line 1362]
Event: 2.897 Thread 0x000001572e4c5000 Exception <a 'java/lang/NoSuchMethodError'{0x0000000084837690}: <clinit>> (0x0000000084837690) thrown at [./src/hotspot/share/prims/jni.cpp, line 1362]
Event: 2.900 Thread 0x000001572e4c5000 Exception <a 'java/lang/NoSuchMethodError'{0x0000000084860030}: <clinit>> (0x0000000084860030) thrown at [./src/hotspot/share/prims/jni.cpp, line 1362]
Event: 2.901 Thread 0x000001572e4c5000 Exception <a 'java/lang/NoSuchMethodError'{0x000000008486b2c8}: <clinit>> (0x000000008486b2c8) thrown at [./src/hotspot/share/prims/jni.cpp, line 1362]
Event: 2.961 Thread 0x000001572e44a000 Exception <a 'java/lang/NoSuchMethodError'{0x0000000084548aa0}: 'void java.lang.invoke.DelegatingMethodHandle$Holder.reinvoke_L(java.lang.Object, java.lang.Object, java.lang.Object, java.lang.Object)'> (0x0000000084548aa0) thrown at [./src/hotspot/share/interpreter/linkResolver.cpp, line 773]
Event: 2.965 Thread 0x000001572e44a000 Exception <a 'java/lang/NoSuchMethodError'{0x0000000084581438}: 'long java.lang.invoke.DirectMethodHandle$Holder.invokeInterface(java.lang.Object, java.lang.Object)'> (0x0000000084581438) thrown at [./src/hotspot/share/interpreter/linkResolver.cpp, line 773]
Event: 2.967 Thread 0x000001572e44a000 Exception <a 'java/lang/NoSuchMethodError'{0x00000000845a0360}: 'void java.lang.invoke.DelegatingMethodHandle$Holder.reinvoke_L(java.lang.Object, java.lang.Object, java.lang.Object, java.lang.Object, java.lang.Object, java.lang.Object, java.lang.Object)'> (0x00000000845a0360) thrown at [./src/hotspot/share/interpreter/linkResolver.cpp, line 773]
Event: 3.069 Thread 0x000001572e44a000 Exception <a 'java/lang/NoSuchMethodError'{0x0000000083ef70f8}: 'java.lang.Object java.lang.invoke.DirectMethodHandle$Holder.invokeVirtual(java.lang.Object, java.lang.Object, java.lang.Object)'> (0x0000000083ef70f8) thrown at [./src/hotspot/share/interpreter/linkResolver.cpp, line 773]
Event: 3.159 Thread 0x000001572e44a000 Exception <a 'java/lang/NoSuchMethodError'{0x0000000083780d10}: 'void java.lang.invoke.DirectMethodHandle$Holder.invokeStaticInit(java.lang.Object)'> (0x0000000083780d10) thrown at [./src/hotspot/share/interpreter/linkResolver.cpp, line 773]
Event: 3.262 Thread 0x000001572e44a000 Exception <a 'java/lang/NoSuchMethodError'{0x0000000087ff0628}: 'int java.lang.invoke.DirectMethodHandle$Holder.invokeSpecialIFC(java.lang.Object, java.lang.Object, java.lang.Object, java.lang.Object)'> (0x0000000087ff0628) thrown at [./src/hotspot/share/interpreter/linkResolver.cpp, line 773]
Event: 3.263 Thread 0x000001572e44a000 Exception <a 'java/lang/NoSuchMethodError'{0x0000000087ffe140}: 'java.lang.Object java.lang.invoke.DirectMethodHandle$Holder.invokeInterface(java.lang.Object, java.lang.Object, java.lang.Object)'> (0x0000000087ffe140) thrown at [./src/hotspot/share/interpreter/linkResolver.cpp, line 773]
Event: 3.263 Thread 0x000001572e44a000 Exception <a 'java/lang/IncompatibleClassChangeError'{0x0000000087e01910}: Found class java.lang.Object, but interface was expected> (0x0000000087e01910) thrown at [./src/hotspot/share/interpreter/linkResolver.cpp, line 839]
Event: 3.268 Thread 0x000001572e44a000 Exception <a 'java/lang/NoSuchMethodError'{0x0000000087e7eb70}: 'void java.lang.invoke.DirectMethodHandle$Holder.invokeSpecial(java.lang.Object, java.lang.Object, java.lang.Object, java.lang.Object)'> (0x0000000087e7eb70) thrown at [./src/hotspot/share/interpreter/linkResolver.cpp, line 773]
Event: 3.358 Thread 0x000001572e44a000 Exception <a 'java/lang/NoSuchMethodError'{0x000000008735a928}: 'java.lang.Object java.lang.invoke.DirectMethodHandle$Holder.invokeVirtual(java.lang.Object, java.lang.Object, java.lang.Object, java.lang.Object)'> (0x000000008735a928) thrown at [./src/hotspot/share/interpreter/linkResolver.cpp, line 773]

Events (20 events):
Event: 3.467 loading class org/gradle/internal/reflect/MutableClassDetails done
Event: 3.467 loading class org/gradle/internal/reflect/NoSuchPropertyException
Event: 3.467 loading class org/gradle/internal/reflect/NoSuchPropertyException done
Event: 3.467 loading class org/gradle/internal/reflect/PropertyDetails
Event: 3.467 loading class org/gradle/internal/reflect/PropertyDetails done
Event: 3.468 loading class org/gradle/internal/reflect/PropertyAccessorType
Event: 3.468 loading class org/gradle/internal/reflect/PropertyAccessorType done
Event: 3.468 loading class org/gradle/internal/reflect/PropertyAccessorType$1
Event: 3.468 loading class org/gradle/internal/reflect/PropertyAccessorType$1 done
Event: 3.468 loading class org/gradle/internal/reflect/PropertyAccessorType$2
Event: 3.468 loading class org/gradle/internal/reflect/PropertyAccessorType$2 done
Event: 3.468 loading class org/gradle/internal/reflect/PropertyAccessorType$3
Event: 3.468 loading class org/gradle/internal/reflect/PropertyAccessorType$3 done
Event: 3.469 loading class org/gradle/internal/reflect/MethodSet$MethodKey
Event: 3.469 loading class org/gradle/internal/reflect/MethodSet$MethodKey done
Event: 3.469 loading class org/gradle/internal/MutableActionSet
Event: 3.469 loading class org/gradle/internal/MutableActionSet done
Event: 3.469 loading class java/beans/Introspector
Event: 3.481 loading class java/beans/Introspector done
Event: 3.481 loading class com/sun/beans/WeakCache


Dynamic libraries:
0x00007ff6c5310000 - 0x00007ff6c531a000 	F:\Android\Android Studio\jre\bin\java.exe
0x00007fff25cd0000 - 0x00007fff25ebd000 	C:\Windows\SYSTEM32\ntdll.dll
0x00007fff25be0000 - 0x00007fff25c93000 	C:\Windows\System32\KERNEL32.DLL
0x00007fff22b30000 - 0x00007fff22dc5000 	C:\Windows\System32\KERNELBASE.dll
0x00007fff21f90000 - 0x00007fff2208a000 	C:\Windows\System32\ucrtbase.dll
0x00007fff1c0e0000 - 0x00007fff1c0f9000 	F:\Android\Android Studio\jre\bin\jli.dll
0x00007fff23260000 - 0x00007fff233f8000 	C:\Windows\System32\USER32.dll
0x00007fff227e0000 - 0x00007fff22800000 	C:\Windows\System32\win32u.dll
0x00007fff23cd0000 - 0x00007fff23cf9000 	C:\Windows\System32\GDI32.dll
0x00007fff22800000 - 0x00007fff2299c000 	C:\Windows\System32\gdi32full.dll
0x00007fff22e60000 - 0x00007fff22f00000 	C:\Windows\System32\msvcp_win.dll
0x00007fff1a710000 - 0x00007fff1a727000 	F:\Android\Android Studio\jre\bin\VCRUNTIME140.dll
0x00007fff0c1b0000 - 0x00007fff0c429000 	C:\Windows\WinSxS\amd64_microsoft.windows.common-controls_6595b64144ccf1df_6.0.17763.2061_none_de73cf545348ec45\COMCTL32.dll
0x00007fff25b40000 - 0x00007fff25bde000 	C:\Windows\System32\msvcrt.dll
0x00007fff23520000 - 0x00007fff2384d000 	C:\Windows\System32\combase.dll
0x00007fff22f00000 - 0x00007fff2301f000 	C:\Windows\System32\RPCRT4.dll
0x00007fff22dd0000 - 0x00007fff22e52000 	C:\Windows\System32\bcryptPrimitives.dll
0x00007fff23f50000 - 0x00007fff23f7e000 	C:\Windows\System32\IMM32.DLL
0x00007fff10360000 - 0x00007fff103fd000 	F:\Android\Android Studio\jre\bin\msvcp140.dll
0x00007ffed3da0000 - 0x00007ffed485c000 	F:\Android\Android Studio\jre\bin\server\jvm.dll
0x00007fff23920000 - 0x00007fff239c4000 	C:\Windows\System32\ADVAPI32.dll
0x00007fff23150000 - 0x00007fff231ee000 	C:\Windows\System32\sechost.dll
0x00007fff23250000 - 0x00007fff23258000 	C:\Windows\System32\PSAPI.DLL
0x00007fff1e5d0000 - 0x00007fff1e5d9000 	C:\Windows\SYSTEM32\WSOCK32.dll
0x00007fff23fa0000 - 0x00007fff2400d000 	C:\Windows\System32\WS2_32.dll
0x00007fff1fdf0000 - 0x00007fff1fe14000 	C:\Windows\SYSTEM32\WINMM.dll
0x00007fff1c820000 - 0x00007fff1c82a000 	C:\Windows\SYSTEM32\VERSION.dll
0x00007fff1fdc0000 - 0x00007fff1fded000 	C:\Windows\SYSTEM32\WINMMBASE.dll
0x00007fff22ae0000 - 0x00007fff22b2a000 	C:\Windows\System32\cfgmgr32.dll
0x00007fff21cb0000 - 0x00007fff21cc1000 	C:\Windows\System32\kernel.appcore.dll
0x00007fff1c630000 - 0x00007fff1c641000 	F:\Android\Android Studio\jre\bin\verify.dll
0x00007fff0eff0000 - 0x00007fff0f1dd000 	C:\Windows\SYSTEM32\DBGHELP.DLL
0x00007fff0ef40000 - 0x00007fff0ef6a000 	C:\Windows\SYSTEM32\dbgcore.DLL
0x00007fff1c5c0000 - 0x00007fff1c5e9000 	F:\Android\Android Studio\jre\bin\java.dll
0x00007fff1d490000 - 0x00007fff1d49b000 	F:\Android\Android Studio\jre\bin\jimage.dll
0x00007fff1c3f0000 - 0x00007fff1c408000 	F:\Android\Android Studio\jre\bin\zip.dll
0x00007fff24490000 - 0x00007fff25989000 	C:\Windows\System32\SHELL32.dll
0x00007fff23bb0000 - 0x00007fff23c58000 	C:\Windows\System32\shcore.dll
0x00007fff22090000 - 0x00007fff227db000 	C:\Windows\System32\windows.storage.dll
0x00007fff21d30000 - 0x00007fff21d54000 	C:\Windows\System32\profapi.dll
0x00007fff21cd0000 - 0x00007fff21d2d000 	C:\Windows\System32\powrprof.dll
0x00007fff231f0000 - 0x00007fff23242000 	C:\Windows\System32\shlwapi.dll
0x00007fff21d80000 - 0x00007fff21d97000 	C:\Windows\System32\cryptsp.dll
0x00007fff1c3d0000 - 0x00007fff1c3ea000 	F:\Android\Android Studio\jre\bin\net.dll
0x00007fff1c940000 - 0x00007fff1ca31000 	C:\Windows\SYSTEM32\WINHTTP.dll
0x00007fff21480000 - 0x00007fff214e7000 	C:\Windows\system32\mswsock.dll
0x00007fff1c0c0000 - 0x00007fff1c0d4000 	F:\Android\Android Studio\jre\bin\nio.dll
0x00007fff15140000 - 0x00007fff15167000 	C:\Users\Clement\.gradle\native\f6784746aeab05261644944871eae4fe03e0ef1612fff0a4a95f87b438bc6780\windows-amd64\native-platform.dll
0x00007fff1d460000 - 0x00007fff1d46a000 	F:\Android\Android Studio\jre\bin\management.dll
0x00007fff1cbc0000 - 0x00007fff1cbcc000 	F:\Android\Android Studio\jre\bin\management_ext.dll
0x00007fff21010000 - 0x00007fff21043000 	C:\Windows\system32\rsaenh.dll
0x00007fff22ab0000 - 0x00007fff22ad6000 	C:\Windows\System32\bcrypt.dll
0x00007fff21bb0000 - 0x00007fff21bd9000 	C:\Windows\SYSTEM32\USERENV.dll
0x00007fff21aa0000 - 0x00007fff21aac000 	C:\Windows\SYSTEM32\CRYPTBASE.dll
0x00007fff211a0000 - 0x00007fff211dd000 	C:\Windows\SYSTEM32\IPHLPAPI.DLL
0x00007fff23510000 - 0x00007fff23518000 	C:\Windows\System32\NSI.dll
0x00007fff19520000 - 0x00007fff19536000 	C:\Windows\SYSTEM32\dhcpcsvc6.DLL
0x00007fff19e60000 - 0x00007fff19e7c000 	C:\Windows\SYSTEM32\dhcpcsvc.DLL
0x00007fff211f0000 - 0x00007fff212b6000 	C:\Windows\SYSTEM32\DNSAPI.dll
0x00007fff1a2c0000 - 0x00007fff1a2cb000 	C:\Windows\SYSTEM32\WINNSI.DLL

dbghelp: loaded successfully - version: 4.0.5 - missing functions: none
symbol engine: initialized successfully - sym options: 0x614 - pdb path: .;F:\Android\Android Studio\jre\bin;C:\Windows\SYSTEM32;C:\Windows\WinSxS\amd64_microsoft.windows.common-controls_6595b64144ccf1df_6.0.17763.2061_none_de73cf545348ec45;F:\Android\Android Studio\jre\bin\server;C:\Users\Clement\.gradle\native\f6784746aeab05261644944871eae4fe03e0ef1612fff0a4a95f87b438bc6780\windows-amd64

VM Arguments:
jvm_args: --add-opens=java.base/java.util=ALL-UNNAMED --add-opens=java.base/java.lang=ALL-UNNAMED --add-opens=java.base/java.lang.invoke=ALL-UNNAMED --add-opens=java.prefs/java.util.prefs=ALL-UNNAMED -Xmx2048m -Dfile.encoding=UTF-8 -Duser.country=RU -Duser.language=ru -Duser.variant 
java_command: org.gradle.launcher.daemon.bootstrap.GradleDaemon 6.5
java_class_path (initial): C:\Users\Clement\.gradle\wrapper\dists\gradle-6.5-bin\6nifqtx7604sqp1q6g8wikw7p\gradle-6.5\lib\gradle-launcher-6.5.jar
Launcher Type: SUN_STANDARD

[Global flags]
     intx CICompilerCount                          = 4                                         {product} {ergonomic}
     uint ConcGCThreads                            = 2                                         {product} {ergonomic}
     uint G1ConcRefinementThreads                  = 8                                         {product} {ergonomic}
   size_t G1HeapRegionSize                         = 1048576                                   {product} {ergonomic}
    uintx GCDrainStackTargetSize                   = 64                                        {product} {ergonomic}
   size_t InitialHeapSize                          = 134217728                                 {product} {ergonomic}
   size_t MarkStackSize                            = 4194304                                   {product} {ergonomic}
   size_t MaxHeapSize                              = 2147483648                                {product} {command line}
   size_t MaxNewSize                               = 1287651328                                {product} {ergonomic}
   size_t MinHeapDeltaBytes                        = 1048576                                   {product} {ergonomic}
    uintx NonNMethodCodeHeapSize                   = 5836300                                {pd product} {ergonomic}
    uintx NonProfiledCodeHeapSize                  = 122910970                              {pd product} {ergonomic}
    uintx ProfiledCodeHeapSize                     = 122910970                              {pd product} {ergonomic}
    uintx ReservedCodeCacheSize                    = 251658240                              {pd product} {ergonomic}
     bool SegmentedCodeCache                       = true                                      {product} {ergonomic}
     bool UseCompressedClassPointers               = true                                 {lp64_product} {ergonomic}
     bool UseCompressedOops                        = true                                 {lp64_product} {ergonomic}
     bool UseG1GC                                  = true                                      {product} {ergonomic}
     bool UseLargePagesIndividualAllocation        = false                                  {pd product} {ergonomic}

Logging:
Log output configuration:
 #0: stdout all=warning uptime,level,tags
 #1: stderr all=off uptime,level,tags

Environment Variables:
JAVA_HOME=C:\Program Files\Java\jdk1.8.0_91\bin
CLASSPATH=C:\Program Files\Java\jdk1.8.0_91\bin
PATH=C:\Program Files (x86)\Common Files\Intel\Shared Libraries\redist\ia32\compiler;C:\Program Files (x86)\Common Files\Intel\Shared Libraries\redist\intel64\compiler;C:\Program Files (x86)\Common Files\Oracle\Java\javapath;C:\Windows\system32;C:\Windows;C:\Windows\System32\Wbem;C:\Windows\System32\WindowsPowerShell\v1.0\;C:\Windows\System32\OpenSSH\;C:\Program Files\Java\jdk1.8.0_91\bin;C:\Program Files\Git\cmd;C:\Users\Clement\AppData\Local\Microsoft\WindowsApps;ANDROID_HOME\tools;ANDROID_HOME\platform-tools;;F:\Program Files\JetBrains\IntelliJ IDEA Community Edition 2019.1.3\bin;
USERNAME=Clement
OS=Windows_NT
PROCESSOR_IDENTIFIER=Intel64 Family 6 Model 142 Stepping 10, GenuineIntel



---------------  S Y S T E M  ---------------

OS: Windows 10 , 64 bit Build 17763 (10.0.17763.2028)
OS uptime: 2 days 4:16 hours

CPU:total 8 (initial active 8) (4 cores per cpu, 2 threads per core) family 6 model 142 stepping 10, cmov, cx8, fxsr, mmx, sse, sse2, sse3, ssse3, sse4.1, sse4.2, popcnt, avx, avx2, aes, clmul, erms, 3dnowpref, lzcnt, ht, tsc, tscinvbit, bmi1, bmi2, adx, fma

Memory: 4k page, system-wide physical 8101M (557M free)
TotalPageFile size 8901M (AvailPageFile size 5M)
current process WorkingSet (physical memory assigned to process): 204M, peak: 204M
current process commit charge ("private bytes"): 273M, peak: 273M

vm_info: OpenJDK 64-Bit Server VM (11.0.8+10-b944.6842174) for windows-amd64 JRE (11.0.8+10-b944.6842174), built on Sep 19 2020 01:11:42 by "builder" with MS VC++ 14.0 (VS2015)

END.
